{"/Users/jellpd/dev-utils-hub/src/components/tools/APITester/components/APIKeyAuth.tsx": {"path":"/Users/jellpd/dev-utils-hub/src/components/tools/APITester/components/APIKeyAuth.tsx","statementMap":{"0":{"start":{"line":13,"column":26},"end":{"line":13,"column":null}},"1":{"start":{"line":14,"column":28},"end":{"line":14,"column":null}},"2":{"start":{"line":15,"column":32},"end":{"line":15,"column":null}},"3":{"start":{"line":17,"column":29},"end":{"line":24,"column":null}},"4":{"start":{"line":18,"column":4},"end":{"line":18,"column":null}},"5":{"start":{"line":19,"column":4},"end":{"line":23,"column":null}},"6":{"start":{"line":20,"column":6},"end":{"line":20,"column":null}},"7":{"start":{"line":22,"column":6},"end":{"line":22,"column":null}},"8":{"start":{"line":26,"column":30},"end":{"line":31,"column":null}},"9":{"start":{"line":27,"column":4},"end":{"line":27,"column":null}},"10":{"start":{"line":28,"column":4},"end":{"line":30,"column":null}},"11":{"start":{"line":29,"column":6},"end":{"line":29,"column":null}},"12":{"start":{"line":33,"column":32},"end":{"line":38,"column":null}},"13":{"start":{"line":34,"column":4},"end":{"line":34,"column":null}},"14":{"start":{"line":35,"column":4},"end":{"line":37,"column":null}},"15":{"start":{"line":36,"column":6},"end":{"line":36,"column":null}},"16":{"start":{"line":40,"column":22},"end":{"line":43,"column":null}},"17":{"start":{"line":41,"column":4},"end":{"line":41,"column":null}},"18":{"start":{"line":42,"column":4},"end":{"line":42,"column":null}},"19":{"start":{"line":45,"column":21},"end":{"line":53,"column":null}},"20":{"start":{"line":46,"column":4},"end":{"line":46,"column":null}},"21":{"start":{"line":46,"column":17},"end":{"line":46,"column":null}},"22":{"start":{"line":48,"column":4},"end":{"line":52,"column":null}},"23":{"start":{"line":49,"column":6},"end":{"line":49,"column":null}},"24":{"start":{"line":51,"column":6},"end":{"line":51,"column":null}},"25":{"start":{"line":55,"column":18},"end":{"line":55,"column":null}},"26":{"start":{"line":57,"column":2},"end":{"line":122,"column":null}},"27":{"start":{"line":67,"column":29},"end":{"line":67,"column":null}},"28":{"start":{"line":92,"column":27},"end":{"line":92,"column":null}}},"fnMap":{"0":{"name":"APIKeyAuth","decl":{"start":{"line":12,"column":16},"end":{"line":12,"column":27}},"loc":{"start":{"line":12,"column":58},"end":{"line":124,"column":null}},"line":12},"1":{"name":"(anonymous_1)","decl":{"start":{"line":17,"column":29},"end":{"line":17,"column":30}},"loc":{"start":{"line":17,"column":48},"end":{"line":24,"column":null}},"line":17},"2":{"name":"(anonymous_2)","decl":{"start":{"line":26,"column":30},"end":{"line":26,"column":31}},"loc":{"start":{"line":26,"column":49},"end":{"line":31,"column":null}},"line":26},"3":{"name":"(anonymous_3)","decl":{"start":{"line":33,"column":32},"end":{"line":33,"column":33}},"loc":{"start":{"line":33,"column":63},"end":{"line":38,"column":null}},"line":33},"4":{"name":"(anonymous_4)","decl":{"start":{"line":40,"column":22},"end":{"line":40,"column":28}},"loc":{"start":{"line":40,"column":28},"end":{"line":43,"column":null}},"line":40},"5":{"name":"(anonymous_5)","decl":{"start":{"line":45,"column":21},"end":{"line":45,"column":27}},"loc":{"start":{"line":45,"column":27},"end":{"line":53,"column":null}},"line":45},"6":{"name":"(anonymous_6)","decl":{"start":{"line":67,"column":22},"end":{"line":67,"column":23}},"loc":{"start":{"line":67,"column":29},"end":{"line":67,"column":null}},"line":67},"7":{"name":"(anonymous_7)","decl":{"start":{"line":92,"column":20},"end":{"line":92,"column":21}},"loc":{"start":{"line":92,"column":27},"end":{"line":92,"column":null}},"line":92}},"branchMap":{"0":{"loc":{"start":{"line":19,"column":4},"end":{"line":23,"column":null}},"type":"if","locations":[{"start":{"line":19,"column":4},"end":{"line":23,"column":null}},{"start":{"line":21,"column":11},"end":{"line":23,"column":null}}],"line":19},"1":{"loc":{"start":{"line":19,"column":8},"end":{"line":19,"column":26}},"type":"binary-expr","locations":[{"start":{"line":19,"column":8},"end":{"line":19,"column":17}},{"start":{"line":19,"column":17},"end":{"line":19,"column":26}}],"line":19},"2":{"loc":{"start":{"line":28,"column":4},"end":{"line":30,"column":null}},"type":"if","locations":[{"start":{"line":28,"column":4},"end":{"line":30,"column":null}},{"start":{},"end":{}}],"line":28},"3":{"loc":{"start":{"line":28,"column":8},"end":{"line":28,"column":25}},"type":"binary-expr","locations":[{"start":{"line":28,"column":8},"end":{"line":28,"column":18}},{"start":{"line":28,"column":18},"end":{"line":28,"column":25}}],"line":28},"4":{"loc":{"start":{"line":35,"column":4},"end":{"line":37,"column":null}},"type":"if","locations":[{"start":{"line":35,"column":4},"end":{"line":37,"column":null}},{"start":{},"end":{}}],"line":35},"5":{"loc":{"start":{"line":35,"column":8},"end":{"line":35,"column":27}},"type":"binary-expr","locations":[{"start":{"line":35,"column":8},"end":{"line":35,"column":18}},{"start":{"line":35,"column":18},"end":{"line":35,"column":27}}],"line":35},"6":{"loc":{"start":{"line":46,"column":4},"end":{"line":46,"column":null}},"type":"if","locations":[{"start":{"line":46,"column":4},"end":{"line":46,"column":null}},{"start":{},"end":{}}],"line":46},"7":{"loc":{"start":{"line":48,"column":4},"end":{"line":52,"column":null}},"type":"if","locations":[{"start":{"line":48,"column":4},"end":{"line":52,"column":null}},{"start":{"line":50,"column":11},"end":{"line":52,"column":null}}],"line":48},"8":{"loc":{"start":{"line":70,"column":11},"end":{"line":80,"column":null}},"type":"binary-expr","locations":[{"start":{"line":70,"column":11},"end":{"line":70,"column":null}},{"start":{"line":71,"column":12},"end":{"line":80,"column":null}}],"line":70},"9":{"loc":{"start":{"line":114,"column":7},"end":{"line":120,"column":null}},"type":"binary-expr","locations":[{"start":{"line":114,"column":7},"end":{"line":114,"column":null}},{"start":{"line":115,"column":8},"end":{"line":120,"column":null}}],"line":114}},"s":{"0":88,"1":88,"2":88,"3":88,"4":58,"5":58,"6":58,"7":0,"8":88,"9":14,"10":14,"11":13,"12":88,"13":2,"14":2,"15":2,"16":88,"17":1,"18":1,"19":88,"20":88,"21":14,"22":74,"23":72,"24":2,"25":88,"26":88,"27":58,"28":14},"f":{"0":88,"1":58,"2":14,"3":2,"4":1,"5":88,"6":58,"7":14},"b":{"0":[58,0],"1":[58,58],"2":[13,1],"3":[14,14],"4":[2,0],"5":[2,2],"6":[14,74],"7":[72,2],"8":[88,74],"9":[88,74]},"meta":{"lastBranch":10,"lastFunction":8,"lastStatement":29,"seen":{"f:12:16:12:27":0,"s:13:26:13:Infinity":0,"s:14:28:14:Infinity":1,"s:15:32:15:Infinity":2,"s:17:29:24:Infinity":3,"f:17:29:17:30":1,"s:18:4:18:Infinity":4,"b:19:4:23:Infinity:21:11:23:Infinity":0,"s:19:4:23:Infinity":5,"b:19:8:19:17:19:17:19:26":1,"s:20:6:20:Infinity":6,"s:22:6:22:Infinity":7,"s:26:30:31:Infinity":8,"f:26:30:26:31":2,"s:27:4:27:Infinity":9,"b:28:4:30:Infinity:undefined:undefined:undefined:undefined":2,"s:28:4:30:Infinity":10,"b:28:8:28:18:28:18:28:25":3,"s:29:6:29:Infinity":11,"s:33:32:38:Infinity":12,"f:33:32:33:33":3,"s:34:4:34:Infinity":13,"b:35:4:37:Infinity:undefined:undefined:undefined:undefined":4,"s:35:4:37:Infinity":14,"b:35:8:35:18:35:18:35:27":5,"s:36:6:36:Infinity":15,"s:40:22:43:Infinity":16,"f:40:22:40:28":4,"s:41:4:41:Infinity":17,"s:42:4:42:Infinity":18,"s:45:21:53:Infinity":19,"f:45:21:45:27":5,"b:46:4:46:Infinity:undefined:undefined:undefined:undefined":6,"s:46:4:46:Infinity":20,"s:46:17:46:Infinity":21,"b:48:4:52:Infinity:50:11:52:Infinity":7,"s:48:4:52:Infinity":22,"s:49:6:49:Infinity":23,"s:51:6:51:Infinity":24,"s:55:18:55:Infinity":25,"s:57:2:122:Infinity":26,"f:67:22:67:23":6,"s:67:29:67:Infinity":27,"b:70:11:70:Infinity:71:12:80:Infinity":8,"f:92:20:92:21":7,"s:92:27:92:Infinity":28,"b:114:7:114:Infinity:115:8:120:Infinity":9}}}
,"/Users/jellpd/dev-utils-hub/src/components/tools/APITester/components/AuthTab.tsx": {"path":"/Users/jellpd/dev-utils-hub/src/components/tools/APITester/components/AuthTab.tsx","statementMap":{"0":{"start":{"line":28,"column":12},"end":{"line":28,"column":null}},"1":{"start":{"line":29,"column":32},"end":{"line":29,"column":null}},"2":{"start":{"line":30,"column":36},"end":{"line":30,"column":null}},"3":{"start":{"line":31,"column":30},"end":{"line":31,"column":null}},"4":{"start":{"line":32,"column":30},"end":{"line":32,"column":null}},"5":{"start":{"line":33,"column":26},"end":{"line":33,"column":null}},"6":{"start":{"line":35,"column":34},"end":{"line":45,"column":null}},"7":{"start":{"line":36,"column":4},"end":{"line":36,"column":null}},"8":{"start":{"line":37,"column":4},"end":{"line":44,"column":null}},"9":{"start":{"line":38,"column":6},"end":{"line":41,"column":null}},"10":{"start":{"line":43,"column":6},"end":{"line":43,"column":null}},"11":{"start":{"line":47,"column":32},"end":{"line":61,"column":null}},"12":{"start":{"line":48,"column":4},"end":{"line":48,"column":null}},"13":{"start":{"line":49,"column":4},"end":{"line":49,"column":null}},"14":{"start":{"line":50,"column":4},"end":{"line":60,"column":null}},"15":{"start":{"line":51,"column":6},"end":{"line":57,"column":null}},"16":{"start":{"line":59,"column":6},"end":{"line":59,"column":null}},"17":{"start":{"line":63,"column":29},"end":{"line":77,"column":null}},"18":{"start":{"line":64,"column":4},"end":{"line":64,"column":null}},"19":{"start":{"line":65,"column":4},"end":{"line":76,"column":null}},"20":{"start":{"line":66,"column":6},"end":{"line":73,"column":null}},"21":{"start":{"line":75,"column":6},"end":{"line":75,"column":null}},"22":{"start":{"line":79,"column":2},"end":{"line":135,"column":null}},"23":{"start":{"line":80,"column":54},"end":{"line":80,"column":null}},"24":{"start":{"line":95,"column":29},"end":{"line":95,"column":null}},"25":{"start":{"line":108,"column":29},"end":{"line":108,"column":null}},"26":{"start":{"line":118,"column":29},"end":{"line":118,"column":null}},"27":{"start":{"line":131,"column":29},"end":{"line":131,"column":null}}},"fnMap":{"0":{"name":"AuthTab","decl":{"start":{"line":27,"column":16},"end":{"line":27,"column":24}},"loc":{"start":{"line":27,"column":56},"end":{"line":137,"column":null}},"line":27},"1":{"name":"(anonymous_1)","decl":{"start":{"line":35,"column":34},"end":{"line":35,"column":35}},"loc":{"start":{"line":35,"column":53},"end":{"line":45,"column":null}},"line":35},"2":{"name":"(anonymous_2)","decl":{"start":{"line":47,"column":32},"end":{"line":47,"column":33}},"loc":{"start":{"line":47,"column":64},"end":{"line":61,"column":null}},"line":47},"3":{"name":"(anonymous_3)","decl":{"start":{"line":63,"column":29},"end":{"line":63,"column":30}},"loc":{"start":{"line":63,"column":46},"end":{"line":77,"column":null}},"line":63},"4":{"name":"(anonymous_4)","decl":{"start":{"line":80,"column":43},"end":{"line":80,"column":44}},"loc":{"start":{"line":80,"column":54},"end":{"line":80,"column":null}},"line":80},"5":{"name":"(anonymous_5)","decl":{"start":{"line":95,"column":22},"end":{"line":95,"column":23}},"loc":{"start":{"line":95,"column":29},"end":{"line":95,"column":null}},"line":95},"6":{"name":"(anonymous_6)","decl":{"start":{"line":108,"column":22},"end":{"line":108,"column":23}},"loc":{"start":{"line":108,"column":29},"end":{"line":108,"column":null}},"line":108},"7":{"name":"(anonymous_7)","decl":{"start":{"line":118,"column":22},"end":{"line":118,"column":23}},"loc":{"start":{"line":118,"column":29},"end":{"line":118,"column":null}},"line":118},"8":{"name":"(anonymous_8)","decl":{"start":{"line":131,"column":22},"end":{"line":131,"column":23}},"loc":{"start":{"line":131,"column":29},"end":{"line":131,"column":null}},"line":131}},"branchMap":{"0":{"loc":{"start":{"line":37,"column":4},"end":{"line":44,"column":null}},"type":"if","locations":[{"start":{"line":37,"column":4},"end":{"line":44,"column":null}},{"start":{"line":42,"column":11},"end":{"line":44,"column":null}}],"line":37},"1":{"loc":{"start":{"line":50,"column":4},"end":{"line":60,"column":null}},"type":"if","locations":[{"start":{"line":50,"column":4},"end":{"line":60,"column":null}},{"start":{"line":58,"column":11},"end":{"line":60,"column":null}}],"line":50},"2":{"loc":{"start":{"line":50,"column":8},"end":{"line":50,"column":22}},"type":"binary-expr","locations":[{"start":{"line":50,"column":8},"end":{"line":50,"column":16}},{"start":{"line":50,"column":16},"end":{"line":50,"column":22}}],"line":50},"3":{"loc":{"start":{"line":65,"column":4},"end":{"line":76,"column":null}},"type":"if","locations":[{"start":{"line":65,"column":4},"end":{"line":76,"column":null}},{"start":{"line":74,"column":11},"end":{"line":76,"column":null}}],"line":65}},"s":{"0":42,"1":42,"2":42,"3":42,"4":42,"5":42,"6":42,"7":20,"8":20,"9":20,"10":0,"11":42,"12":0,"13":0,"14":0,"15":0,"16":0,"17":42,"18":0,"19":0,"20":0,"21":0,"22":42,"23":6,"24":20,"25":0,"26":0,"27":0},"f":{"0":42,"1":20,"2":0,"3":0,"4":6,"5":20,"6":0,"7":0,"8":0},"b":{"0":[20,0],"1":[0,0],"2":[0,0],"3":[0,0]},"meta":{"lastBranch":4,"lastFunction":9,"lastStatement":28,"seen":{"f:27:16:27:24":0,"s:28:12:28:Infinity":0,"s:29:32:29:Infinity":1,"s:30:36:30:Infinity":2,"s:31:30:31:Infinity":3,"s:32:30:32:Infinity":4,"s:33:26:33:Infinity":5,"s:35:34:45:Infinity":6,"f:35:34:35:35":1,"s:36:4:36:Infinity":7,"b:37:4:44:Infinity:42:11:44:Infinity":0,"s:37:4:44:Infinity":8,"s:38:6:41:Infinity":9,"s:43:6:43:Infinity":10,"s:47:32:61:Infinity":11,"f:47:32:47:33":2,"s:48:4:48:Infinity":12,"s:49:4:49:Infinity":13,"b:50:4:60:Infinity:58:11:60:Infinity":1,"s:50:4:60:Infinity":14,"b:50:8:50:16:50:16:50:22":2,"s:51:6:57:Infinity":15,"s:59:6:59:Infinity":16,"s:63:29:77:Infinity":17,"f:63:29:63:30":3,"s:64:4:64:Infinity":18,"b:65:4:76:Infinity:74:11:76:Infinity":3,"s:65:4:76:Infinity":19,"s:66:6:73:Infinity":20,"s:75:6:75:Infinity":21,"s:79:2:135:Infinity":22,"f:80:43:80:44":4,"s:80:54:80:Infinity":23,"f:95:22:95:23":5,"s:95:29:95:Infinity":24,"f:108:22:108:23":6,"s:108:29:108:Infinity":25,"f:118:22:118:23":7,"s:118:29:118:Infinity":26,"f:131:22:131:23":8,"s:131:29:131:Infinity":27}}}
,"/Users/jellpd/dev-utils-hub/src/components/tools/APITester/components/BasicAuth.tsx": {"path":"/Users/jellpd/dev-utils-hub/src/components/tools/APITester/components/BasicAuth.tsx","statementMap":{"0":{"start":{"line":12,"column":30},"end":{"line":12,"column":null}},"1":{"start":{"line":13,"column":30},"end":{"line":13,"column":null}},"2":{"start":{"line":14,"column":38},"end":{"line":14,"column":null}},"3":{"start":{"line":16,"column":31},"end":{"line":23,"column":null}},"4":{"start":{"line":17,"column":4},"end":{"line":17,"column":null}},"5":{"start":{"line":18,"column":4},"end":{"line":22,"column":null}},"6":{"start":{"line":19,"column":6},"end":{"line":19,"column":null}},"7":{"start":{"line":21,"column":6},"end":{"line":21,"column":null}},"8":{"start":{"line":25,"column":31},"end":{"line":32,"column":null}},"9":{"start":{"line":26,"column":4},"end":{"line":26,"column":null}},"10":{"start":{"line":27,"column":4},"end":{"line":31,"column":null}},"11":{"start":{"line":28,"column":6},"end":{"line":28,"column":null}},"12":{"start":{"line":30,"column":6},"end":{"line":30,"column":null}},"13":{"start":{"line":34,"column":30},"end":{"line":37,"column":null}},"14":{"start":{"line":35,"column":4},"end":{"line":35,"column":null}},"15":{"start":{"line":36,"column":4},"end":{"line":36,"column":null}},"16":{"start":{"line":39,"column":30},"end":{"line":42,"column":null}},"17":{"start":{"line":40,"column":4},"end":{"line":40,"column":null}},"18":{"start":{"line":41,"column":4},"end":{"line":41,"column":null}},"19":{"start":{"line":44,"column":35},"end":{"line":46,"column":null}},"20":{"start":{"line":45,"column":4},"end":{"line":45,"column":null}},"21":{"start":{"line":49,"column":28},"end":{"line":52,"column":null}},"22":{"start":{"line":50,"column":24},"end":{"line":50,"column":null}},"23":{"start":{"line":51,"column":4},"end":{"line":51,"column":null}},"24":{"start":{"line":54,"column":29},"end":{"line":54,"column":null}},"25":{"start":{"line":55,"column":21},"end":{"line":55,"column":null}},"26":{"start":{"line":57,"column":27},"end":{"line":59,"column":null}},"27":{"start":{"line":58,"column":4},"end":{"line":58,"column":null}},"28":{"start":{"line":61,"column":25},"end":{"line":61,"column":null}},"29":{"start":{"line":63,"column":2},"end":{"line":169,"column":null}},"30":{"start":{"line":73,"column":29},"end":{"line":73,"column":null}},"31":{"start":{"line":99,"column":29},"end":{"line":99,"column":null}}},"fnMap":{"0":{"name":"BasicAuth","decl":{"start":{"line":11,"column":16},"end":{"line":11,"column":26}},"loc":{"start":{"line":11,"column":56},"end":{"line":171,"column":null}},"line":11},"1":{"name":"(anonymous_1)","decl":{"start":{"line":16,"column":31},"end":{"line":16,"column":32}},"loc":{"start":{"line":16,"column":50},"end":{"line":23,"column":null}},"line":16},"2":{"name":"(anonymous_2)","decl":{"start":{"line":25,"column":31},"end":{"line":25,"column":32}},"loc":{"start":{"line":25,"column":50},"end":{"line":32,"column":null}},"line":25},"3":{"name":"(anonymous_3)","decl":{"start":{"line":34,"column":30},"end":{"line":34,"column":36}},"loc":{"start":{"line":34,"column":36},"end":{"line":37,"column":null}},"line":34},"4":{"name":"(anonymous_4)","decl":{"start":{"line":39,"column":30},"end":{"line":39,"column":36}},"loc":{"start":{"line":39,"column":36},"end":{"line":42,"column":null}},"line":39},"5":{"name":"(anonymous_5)","decl":{"start":{"line":44,"column":35},"end":{"line":44,"column":41}},"loc":{"start":{"line":44,"column":41},"end":{"line":46,"column":null}},"line":44},"6":{"name":"(anonymous_6)","decl":{"start":{"line":49,"column":28},"end":{"line":49,"column":29}},"loc":{"start":{"line":49,"column":68},"end":{"line":52,"column":null}},"line":49},"7":{"name":"(anonymous_7)","decl":{"start":{"line":57,"column":27},"end":{"line":57,"column":39}},"loc":{"start":{"line":57,"column":39},"end":{"line":59,"column":null}},"line":57},"8":{"name":"(anonymous_8)","decl":{"start":{"line":73,"column":22},"end":{"line":73,"column":23}},"loc":{"start":{"line":73,"column":29},"end":{"line":73,"column":null}},"line":73},"9":{"name":"(anonymous_9)","decl":{"start":{"line":99,"column":22},"end":{"line":99,"column":23}},"loc":{"start":{"line":99,"column":29},"end":{"line":99,"column":null}},"line":99}},"branchMap":{"0":{"loc":{"start":{"line":18,"column":4},"end":{"line":22,"column":null}},"type":"if","locations":[{"start":{"line":18,"column":4},"end":{"line":22,"column":null}},{"start":{"line":20,"column":11},"end":{"line":22,"column":null}}],"line":18},"1":{"loc":{"start":{"line":18,"column":8},"end":{"line":18,"column":27}},"type":"binary-expr","locations":[{"start":{"line":18,"column":8},"end":{"line":18,"column":17}},{"start":{"line":18,"column":17},"end":{"line":18,"column":27}}],"line":18},"2":{"loc":{"start":{"line":27,"column":4},"end":{"line":31,"column":null}},"type":"if","locations":[{"start":{"line":27,"column":4},"end":{"line":31,"column":null}},{"start":{"line":29,"column":11},"end":{"line":31,"column":null}}],"line":27},"3":{"loc":{"start":{"line":27,"column":8},"end":{"line":27,"column":27}},"type":"binary-expr","locations":[{"start":{"line":27,"column":8},"end":{"line":27,"column":20}},{"start":{"line":27,"column":20},"end":{"line":27,"column":27}}],"line":27},"4":{"loc":{"start":{"line":54,"column":29},"end":{"line":54,"column":null}},"type":"cond-expr","locations":[{"start":{"line":54,"column":52},"end":{"line":54,"column":92}},{"start":{"line":54,"column":92},"end":{"line":54,"column":null}}],"line":54},"5":{"loc":{"start":{"line":54,"column":29},"end":{"line":54,"column":52}},"type":"binary-expr","locations":[{"start":{"line":54,"column":29},"end":{"line":54,"column":41}},{"start":{"line":54,"column":41},"end":{"line":54,"column":52}}],"line":54},"6":{"loc":{"start":{"line":55,"column":21},"end":{"line":55,"column":null}},"type":"cond-expr","locations":[{"start":{"line":55,"column":42},"end":{"line":55,"column":74}},{"start":{"line":55,"column":74},"end":{"line":55,"column":null}}],"line":55},"7":{"loc":{"start":{"line":61,"column":25},"end":{"line":61,"column":null}},"type":"binary-expr","locations":[{"start":{"line":61,"column":25},"end":{"line":61,"column":37}},{"start":{"line":61,"column":37},"end":{"line":61,"column":null}}],"line":61},"8":{"loc":{"start":{"line":76,"column":11},"end":{"line":86,"column":null}},"type":"binary-expr","locations":[{"start":{"line":76,"column":11},"end":{"line":76,"column":null}},{"start":{"line":77,"column":12},"end":{"line":86,"column":null}}],"line":76},"9":{"loc":{"start":{"line":96,"column":18},"end":{"line":96,"column":null}},"type":"cond-expr","locations":[{"start":{"line":96,"column":33},"end":{"line":96,"column":42}},{"start":{"line":96,"column":42},"end":{"line":96,"column":null}}],"line":96},"10":{"loc":{"start":{"line":103,"column":13},"end":{"line":113,"column":null}},"type":"binary-expr","locations":[{"start":{"line":103,"column":13},"end":{"line":103,"column":null}},{"start":{"line":104,"column":14},"end":{"line":113,"column":null}}],"line":103},"11":{"loc":{"start":{"line":123,"column":15},"end":{"line":123,"column":null}},"type":"cond-expr","locations":[{"start":{"line":123,"column":30},"end":{"line":123,"column":63}},{"start":{"line":123,"column":63},"end":{"line":123,"column":null}}],"line":123},"12":{"loc":{"start":{"line":140,"column":7},"end":{"line":167,"column":null}},"type":"binary-expr","locations":[{"start":{"line":140,"column":7},"end":{"line":140,"column":null}},{"start":{"line":141,"column":8},"end":{"line":167,"column":null}}],"line":140}},"s":{"0":88,"1":88,"2":88,"3":88,"4":36,"5":36,"6":0,"7":36,"8":88,"9":36,"10":36,"11":36,"12":0,"13":88,"14":1,"15":1,"16":88,"17":0,"18":0,"19":88,"20":2,"21":88,"22":36,"23":36,"24":88,"25":88,"26":88,"27":0,"28":88,"29":88,"30":36,"31":36},"f":{"0":88,"1":36,"2":36,"3":1,"4":0,"5":2,"6":36,"7":0,"8":36,"9":36},"b":{"0":[0,36],"1":[36,36],"2":[36,0],"3":[36,36],"4":[36,52],"5":[88,72],"6":[36,52],"7":[88,72],"8":[88,72],"9":[1,87],"10":[88,37],"11":[1,87],"12":[88,36]},"meta":{"lastBranch":13,"lastFunction":10,"lastStatement":32,"seen":{"f:11:16:11:26":0,"s:12:30:12:Infinity":0,"s:13:30:13:Infinity":1,"s:14:38:14:Infinity":2,"s:16:31:23:Infinity":3,"f:16:31:16:32":1,"s:17:4:17:Infinity":4,"b:18:4:22:Infinity:20:11:22:Infinity":0,"s:18:4:22:Infinity":5,"b:18:8:18:17:18:17:18:27":1,"s:19:6:19:Infinity":6,"s:21:6:21:Infinity":7,"s:25:31:32:Infinity":8,"f:25:31:25:32":2,"s:26:4:26:Infinity":9,"b:27:4:31:Infinity:29:11:31:Infinity":2,"s:27:4:31:Infinity":10,"b:27:8:27:20:27:20:27:27":3,"s:28:6:28:Infinity":11,"s:30:6:30:Infinity":12,"s:34:30:37:Infinity":13,"f:34:30:34:36":3,"s:35:4:35:Infinity":14,"s:36:4:36:Infinity":15,"s:39:30:42:Infinity":16,"f:39:30:39:36":4,"s:40:4:40:Infinity":17,"s:41:4:41:Infinity":18,"s:44:35:46:Infinity":19,"f:44:35:44:41":5,"s:45:4:45:Infinity":20,"s:49:28:52:Infinity":21,"f:49:28:49:29":6,"s:50:24:50:Infinity":22,"s:51:4:51:Infinity":23,"s:54:29:54:Infinity":24,"b:54:52:54:92:54:92:54:Infinity":4,"b:54:29:54:41:54:41:54:52":5,"s:55:21:55:Infinity":25,"b:55:42:55:74:55:74:55:Infinity":6,"s:57:27:59:Infinity":26,"f:57:27:57:39":7,"s:58:4:58:Infinity":27,"s:61:25:61:Infinity":28,"b:61:25:61:37:61:37:61:Infinity":7,"s:63:2:169:Infinity":29,"f:73:22:73:23":8,"s:73:29:73:Infinity":30,"b:76:11:76:Infinity:77:12:86:Infinity":8,"b:96:33:96:42:96:42:96:Infinity":9,"f:99:22:99:23":9,"s:99:29:99:Infinity":31,"b:103:13:103:Infinity:104:14:113:Infinity":10,"b:123:30:123:63:123:63:123:Infinity":11,"b:140:7:140:Infinity:141:8:167:Infinity":12}}}
,"/Users/jellpd/dev-utils-hub/src/components/tools/APITester/components/BearerTokenAuth.tsx": {"path":"/Users/jellpd/dev-utils-hub/src/components/tools/APITester/components/BearerTokenAuth.tsx","statementMap":{"0":{"start":{"line":12,"column":24},"end":{"line":12,"column":null}},"1":{"start":{"line":13,"column":24},"end":{"line":13,"column":null}},"2":{"start":{"line":15,"column":28},"end":{"line":30,"column":null}},"3":{"start":{"line":16,"column":4},"end":{"line":19,"column":null}},"4":{"start":{"line":17,"column":6},"end":{"line":17,"column":null}},"5":{"start":{"line":18,"column":6},"end":{"line":18,"column":null}},"6":{"start":{"line":22,"column":18},"end":{"line":22,"column":null}},"7":{"start":{"line":23,"column":4},"end":{"line":26,"column":null}},"8":{"start":{"line":24,"column":6},"end":{"line":24,"column":null}},"9":{"start":{"line":25,"column":6},"end":{"line":25,"column":null}},"10":{"start":{"line":28,"column":4},"end":{"line":28,"column":null}},"11":{"start":{"line":29,"column":4},"end":{"line":29,"column":null}},"12":{"start":{"line":32,"column":28},"end":{"line":40,"column":null}},"13":{"start":{"line":33,"column":4},"end":{"line":33,"column":null}},"14":{"start":{"line":34,"column":4},"end":{"line":34,"column":null}},"15":{"start":{"line":37,"column":4},"end":{"line":39,"column":null}},"16":{"start":{"line":38,"column":6},"end":{"line":38,"column":null}},"17":{"start":{"line":42,"column":21},"end":{"line":44,"column":null}},"18":{"start":{"line":43,"column":4},"end":{"line":43,"column":null}},"19":{"start":{"line":46,"column":22},"end":{"line":50,"column":null}},"20":{"start":{"line":47,"column":4},"end":{"line":47,"column":null}},"21":{"start":{"line":48,"column":4},"end":{"line":48,"column":null}},"22":{"start":{"line":49,"column":4},"end":{"line":49,"column":null}},"23":{"start":{"line":52,"column":21},"end":{"line":55,"column":null}},"24":{"start":{"line":53,"column":19},"end":{"line":53,"column":null}},"25":{"start":{"line":54,"column":4},"end":{"line":54,"column":null}},"26":{"start":{"line":57,"column":23},"end":{"line":57,"column":null}},"27":{"start":{"line":59,"column":2},"end":{"line":124,"column":null}},"28":{"start":{"line":69,"column":29},"end":{"line":69,"column":null}}},"fnMap":{"0":{"name":"BearerTokenAuth","decl":{"start":{"line":11,"column":16},"end":{"line":11,"column":32}},"loc":{"start":{"line":11,"column":68},"end":{"line":126,"column":null}},"line":11},"1":{"name":"(anonymous_1)","decl":{"start":{"line":15,"column":28},"end":{"line":15,"column":29}},"loc":{"start":{"line":15,"column":56},"end":{"line":30,"column":null}},"line":15},"2":{"name":"(anonymous_2)","decl":{"start":{"line":32,"column":28},"end":{"line":32,"column":29}},"loc":{"start":{"line":32,"column":47},"end":{"line":40,"column":null}},"line":32},"3":{"name":"(anonymous_3)","decl":{"start":{"line":42,"column":21},"end":{"line":42,"column":27}},"loc":{"start":{"line":42,"column":27},"end":{"line":44,"column":null}},"line":42},"4":{"name":"(anonymous_4)","decl":{"start":{"line":46,"column":22},"end":{"line":46,"column":28}},"loc":{"start":{"line":46,"column":28},"end":{"line":50,"column":null}},"line":46},"5":{"name":"(anonymous_5)","decl":{"start":{"line":52,"column":21},"end":{"line":52,"column":33}},"loc":{"start":{"line":52,"column":33},"end":{"line":55,"column":null}},"line":52},"6":{"name":"(anonymous_6)","decl":{"start":{"line":69,"column":22},"end":{"line":69,"column":23}},"loc":{"start":{"line":69,"column":29},"end":{"line":69,"column":null}},"line":69}},"branchMap":{"0":{"loc":{"start":{"line":16,"column":4},"end":{"line":19,"column":null}},"type":"if","locations":[{"start":{"line":16,"column":4},"end":{"line":19,"column":null}},{"start":{},"end":{}}],"line":16},"1":{"loc":{"start":{"line":23,"column":4},"end":{"line":26,"column":null}},"type":"if","locations":[{"start":{"line":23,"column":4},"end":{"line":26,"column":null}},{"start":{},"end":{}}],"line":23},"2":{"loc":{"start":{"line":37,"column":4},"end":{"line":39,"column":null}},"type":"if","locations":[{"start":{"line":37,"column":4},"end":{"line":39,"column":null}},{"start":{},"end":{}}],"line":37},"3":{"loc":{"start":{"line":57,"column":23},"end":{"line":57,"column":null}},"type":"binary-expr","locations":[{"start":{"line":57,"column":23},"end":{"line":57,"column":32}},{"start":{"line":57,"column":32},"end":{"line":57,"column":42}},{"start":{"line":57,"column":42},"end":{"line":57,"column":null}}],"line":57},"4":{"loc":{"start":{"line":71,"column":23},"end":{"line":71,"column":null}},"type":"cond-expr","locations":[{"start":{"line":71,"column":31},"end":{"line":71,"column":56}},{"start":{"line":71,"column":56},"end":{"line":71,"column":null}}],"line":71},"5":{"loc":{"start":{"line":73,"column":11},"end":{"line":83,"column":null}},"type":"binary-expr","locations":[{"start":{"line":73,"column":11},"end":{"line":73,"column":null}},{"start":{"line":74,"column":12},"end":{"line":83,"column":null}}],"line":73},"6":{"loc":{"start":{"line":86,"column":9},"end":{"line":89,"column":null}},"type":"binary-expr","locations":[{"start":{"line":86,"column":9},"end":{"line":86,"column":null}},{"start":{"line":87,"column":10},"end":{"line":89,"column":null}}],"line":86},"7":{"loc":{"start":{"line":104,"column":7},"end":{"line":122,"column":null}},"type":"binary-expr","locations":[{"start":{"line":104,"column":7},"end":{"line":104,"column":null}},{"start":{"line":105,"column":8},"end":{"line":122,"column":null}}],"line":104}},"s":{"0":291,"1":291,"2":291,"3":2,"4":0,"5":0,"6":2,"7":2,"8":2,"9":2,"10":0,"11":0,"12":291,"13":277,"14":277,"15":277,"16":0,"17":291,"18":2,"19":291,"20":1,"21":1,"22":1,"23":291,"24":0,"25":0,"26":291,"27":291,"28":277},"f":{"0":291,"1":2,"2":277,"3":2,"4":1,"5":0,"6":277},"b":{"0":[0,2],"1":[2,0],"2":[0,277],"3":[291,279,277],"4":[2,289],"5":[291,279],"6":[291,2],"7":[291,279]},"meta":{"lastBranch":8,"lastFunction":7,"lastStatement":29,"seen":{"f:11:16:11:32":0,"s:12:24:12:Infinity":0,"s:13:24:13:Infinity":1,"s:15:28:30:Infinity":2,"f:15:28:15:29":1,"b:16:4:19:Infinity:undefined:undefined:undefined:undefined":0,"s:16:4:19:Infinity":3,"s:17:6:17:Infinity":4,"s:18:6:18:Infinity":5,"s:22:18:22:Infinity":6,"b:23:4:26:Infinity:undefined:undefined:undefined:undefined":1,"s:23:4:26:Infinity":7,"s:24:6:24:Infinity":8,"s:25:6:25:Infinity":9,"s:28:4:28:Infinity":10,"s:29:4:29:Infinity":11,"s:32:28:40:Infinity":12,"f:32:28:32:29":2,"s:33:4:33:Infinity":13,"s:34:4:34:Infinity":14,"b:37:4:39:Infinity:undefined:undefined:undefined:undefined":2,"s:37:4:39:Infinity":15,"s:38:6:38:Infinity":16,"s:42:21:44:Infinity":17,"f:42:21:42:27":3,"s:43:4:43:Infinity":18,"s:46:22:50:Infinity":19,"f:46:22:46:28":4,"s:47:4:47:Infinity":20,"s:48:4:48:Infinity":21,"s:49:4:49:Infinity":22,"s:52:21:55:Infinity":23,"f:52:21:52:33":5,"s:53:19:53:Infinity":24,"s:54:4:54:Infinity":25,"s:57:23:57:Infinity":26,"b:57:23:57:32:57:32:57:42:57:42:57:Infinity":3,"s:59:2:124:Infinity":27,"f:69:22:69:23":6,"s:69:29:69:Infinity":28,"b:71:31:71:56:71:56:71:Infinity":4,"b:73:11:73:Infinity:74:12:83:Infinity":5,"b:86:9:86:Infinity:87:10:89:Infinity":6,"b:104:7:104:Infinity:105:8:122:Infinity":7}}}
,"/Users/jellpd/dev-utils-hub/src/components/tools/APITester/components/BodyEditor.tsx": {"path":"/Users/jellpd/dev-utils-hub/src/components/tools/APITester/components/BodyEditor.tsx","statementMap":{"0":{"start":{"line":14,"column":23},"end":{"line":45,"column":null}},"1":{"start":{"line":48,"column":12},"end":{"line":48,"column":null}},"2":{"start":{"line":49,"column":24},"end":{"line":49,"column":null}},"3":{"start":{"line":50,"column":30},"end":{"line":50,"column":null}},"4":{"start":{"line":52,"column":23},"end":{"line":58,"column":null}},"5":{"start":{"line":53,"column":4},"end":{"line":53,"column":null}},"6":{"start":{"line":55,"column":4},"end":{"line":57,"column":null}},"7":{"start":{"line":56,"column":6},"end":{"line":56,"column":null}},"8":{"start":{"line":60,"column":23},"end":{"line":75,"column":null}},"9":{"start":{"line":62,"column":4},"end":{"line":65,"column":null}},"10":{"start":{"line":63,"column":6},"end":{"line":63,"column":null}},"11":{"start":{"line":64,"column":6},"end":{"line":64,"column":null}},"12":{"start":{"line":67,"column":4},"end":{"line":74,"column":null}},"13":{"start":{"line":68,"column":21},"end":{"line":68,"column":null}},"14":{"start":{"line":69,"column":24},"end":{"line":69,"column":null}},"15":{"start":{"line":70,"column":6},"end":{"line":70,"column":null}},"16":{"start":{"line":71,"column":6},"end":{"line":71,"column":null}},"17":{"start":{"line":73,"column":6},"end":{"line":73,"column":null}},"18":{"start":{"line":77,"column":31},"end":{"line":81,"column":null}},"19":{"start":{"line":78,"column":20},"end":{"line":78,"column":null}},"20":{"start":{"line":79,"column":4},"end":{"line":79,"column":null}},"21":{"start":{"line":80,"column":4},"end":{"line":80,"column":null}},"22":{"start":{"line":83,"column":31},"end":{"line":95,"column":null}},"23":{"start":{"line":84,"column":24},"end":{"line":84,"column":null}},"24":{"start":{"line":85,"column":4},"end":{"line":85,"column":null}},"25":{"start":{"line":85,"column":22},"end":{"line":85,"column":null}},"26":{"start":{"line":87,"column":21},"end":{"line":87,"column":null}},"27":{"start":{"line":88,"column":4},"end":{"line":91,"column":null}},"28":{"start":{"line":89,"column":24},"end":{"line":89,"column":null}},"29":{"start":{"line":90,"column":6},"end":{"line":90,"column":null}},"30":{"start":{"line":94,"column":4},"end":{"line":94,"column":null}},"31":{"start":{"line":97,"column":2},"end":{"line":162,"column":null}},"32":{"start":{"line":126,"column":18},"end":{"line":128,"column":null}}},"fnMap":{"0":{"name":"BodyEditor","decl":{"start":{"line":47,"column":16},"end":{"line":47,"column":27}},"loc":{"start":{"line":47,"column":65},"end":{"line":164,"column":null}},"line":47},"1":{"name":"(anonymous_1)","decl":{"start":{"line":52,"column":23},"end":{"line":52,"column":24}},"loc":{"start":{"line":52,"column":70},"end":{"line":58,"column":null}},"line":52},"2":{"name":"(anonymous_2)","decl":{"start":{"line":60,"column":23},"end":{"line":60,"column":29}},"loc":{"start":{"line":60,"column":29},"end":{"line":75,"column":null}},"line":60},"3":{"name":"(anonymous_3)","decl":{"start":{"line":77,"column":31},"end":{"line":77,"column":32}},"loc":{"start":{"line":77,"column":76},"end":{"line":81,"column":null}},"line":77},"4":{"name":"(anonymous_4)","decl":{"start":{"line":83,"column":31},"end":{"line":83,"column":32}},"loc":{"start":{"line":83,"column":76},"end":{"line":95,"column":null}},"line":83},"5":{"name":"(anonymous_5)","decl":{"start":{"line":125,"column":52},"end":{"line":125,"column":53}},"loc":{"start":{"line":126,"column":18},"end":{"line":128,"column":null}},"line":126}},"branchMap":{"0":{"loc":{"start":{"line":55,"column":4},"end":{"line":57,"column":null}},"type":"if","locations":[{"start":{"line":55,"column":4},"end":{"line":57,"column":null}},{"start":{},"end":{}}],"line":55},"1":{"loc":{"start":{"line":62,"column":4},"end":{"line":65,"column":null}},"type":"if","locations":[{"start":{"line":62,"column":4},"end":{"line":65,"column":null}},{"start":{},"end":{}}],"line":62},"2":{"loc":{"start":{"line":85,"column":4},"end":{"line":85,"column":null}},"type":"if","locations":[{"start":{"line":85,"column":4},"end":{"line":85,"column":null}},{"start":{},"end":{}}],"line":85},"3":{"loc":{"start":{"line":88,"column":4},"end":{"line":91,"column":null}},"type":"if","locations":[{"start":{"line":88,"column":4},"end":{"line":91,"column":null}},{"start":{},"end":{}}],"line":88},"4":{"loc":{"start":{"line":116,"column":11},"end":{"line":140,"column":null}},"type":"binary-expr","locations":[{"start":{"line":116,"column":11},"end":{"line":116,"column":null}},{"start":{"line":117,"column":12},"end":{"line":140,"column":null}}],"line":116},"5":{"loc":{"start":{"line":150,"column":10},"end":{"line":154,"column":null}},"type":"cond-expr","locations":[{"start":{"line":151,"column":14},"end":{"line":151,"column":null}},{"start":{"line":152,"column":14},"end":{"line":154,"column":null}}],"line":150},"6":{"loc":{"start":{"line":152,"column":14},"end":{"line":154,"column":null}},"type":"cond-expr","locations":[{"start":{"line":153,"column":14},"end":{"line":153,"column":null}},{"start":{"line":154,"column":14},"end":{"line":154,"column":null}}],"line":152},"7":{"loc":{"start":{"line":159,"column":7},"end":{"line":160,"column":null}},"type":"binary-expr","locations":[{"start":{"line":159,"column":7},"end":{"line":159,"column":null}},{"start":{"line":160,"column":8},"end":{"line":160,"column":null}}],"line":159}},"s":{"0":1,"1":30,"2":30,"3":30,"4":30,"5":2,"6":2,"7":1,"8":30,"9":4,"10":1,"11":1,"12":3,"13":3,"14":3,"15":3,"16":3,"17":2,"18":30,"19":3,"20":3,"21":3,"22":30,"23":3,"24":3,"25":0,"26":3,"27":3,"28":3,"29":3,"30":3,"31":30,"32":72},"f":{"0":30,"1":2,"2":4,"3":3,"4":3,"5":72},"b":{"0":[1,1],"1":[1,3],"2":[0,3],"3":[3,0],"4":[30,24],"5":[24,6],"6":[6,0],"7":[30,4]},"meta":{"lastBranch":8,"lastFunction":6,"lastStatement":33,"seen":{"s:14:23:45:Infinity":0,"f:47:16:47:27":0,"s:48:12:48:Infinity":1,"s:49:24:49:Infinity":2,"s:50:30:50:Infinity":3,"s:52:23:58:Infinity":4,"f:52:23:52:24":1,"s:53:4:53:Infinity":5,"b:55:4:57:Infinity:undefined:undefined:undefined:undefined":0,"s:55:4:57:Infinity":6,"s:56:6:56:Infinity":7,"s:60:23:75:Infinity":8,"f:60:23:60:29":2,"b:62:4:65:Infinity:undefined:undefined:undefined:undefined":1,"s:62:4:65:Infinity":9,"s:63:6:63:Infinity":10,"s:64:6:64:Infinity":11,"s:67:4:74:Infinity":12,"s:68:21:68:Infinity":13,"s:69:24:69:Infinity":14,"s:70:6:70:Infinity":15,"s:71:6:71:Infinity":16,"s:73:6:73:Infinity":17,"s:77:31:81:Infinity":18,"f:77:31:77:32":3,"s:78:20:78:Infinity":19,"s:79:4:79:Infinity":20,"s:80:4:80:Infinity":21,"s:83:31:95:Infinity":22,"f:83:31:83:32":4,"s:84:24:84:Infinity":23,"b:85:4:85:Infinity:undefined:undefined:undefined:undefined":2,"s:85:4:85:Infinity":24,"s:85:22:85:Infinity":25,"s:87:21:87:Infinity":26,"b:88:4:91:Infinity:undefined:undefined:undefined:undefined":3,"s:88:4:91:Infinity":27,"s:89:24:89:Infinity":28,"s:90:6:90:Infinity":29,"s:94:4:94:Infinity":30,"s:97:2:162:Infinity":31,"b:116:11:116:Infinity:117:12:140:Infinity":4,"f:125:52:125:53":5,"s:126:18:128:Infinity":32,"b:151:14:151:Infinity:152:14:154:Infinity":5,"b:153:14:153:Infinity:154:14:154:Infinity":6,"b:159:7:159:Infinity:160:8:160:Infinity":7}}}
,"/Users/jellpd/dev-utils-hub/src/components/tools/APITester/components/ErrorBoundary.tsx": {"path":"/Users/jellpd/dev-utils-hub/src/components/tools/APITester/components/ErrorBoundary.tsx","statementMap":{"0":{"start":{"line":58,"column":16},"end":{"line":64,"column":null}},"1":{"start":{"line":26,"column":4},"end":{"line":26,"column":null}},"2":{"start":{"line":27,"column":4},"end":{"line":31,"column":null}},"3":{"start":{"line":35,"column":4},"end":{"line":38,"column":null}},"4":{"start":{"line":43,"column":4},"end":{"line":45,"column":null}},"5":{"start":{"line":44,"column":6},"end":{"line":44,"column":null}},"6":{"start":{"line":48,"column":4},"end":{"line":50,"column":null}},"7":{"start":{"line":53,"column":4},"end":{"line":55,"column":null}},"8":{"start":{"line":54,"column":6},"end":{"line":54,"column":null}},"9":{"start":{"line":59,"column":4},"end":{"line":63,"column":null}},"10":{"start":{"line":67,"column":43},"end":{"line":67,"column":null}},"11":{"start":{"line":68,"column":35},"end":{"line":68,"column":null}},"12":{"start":{"line":70,"column":4},"end":{"line":116,"column":null}},"13":{"start":{"line":72,"column":6},"end":{"line":81,"column":null}},"14":{"start":{"line":73,"column":8},"end":{"line":79,"column":null}},"15":{"start":{"line":74,"column":10},"end":{"line":78,"column":null}},"16":{"start":{"line":80,"column":8},"end":{"line":80,"column":null}},"17":{"start":{"line":84,"column":6},"end":{"line":114,"column":null}},"18":{"start":{"line":118,"column":4},"end":{"line":118,"column":null}}},"fnMap":{"0":{"name":"(anonymous_0)","decl":{"start":{"line":25,"column":2},"end":{"line":25,"column":14}},"loc":{"start":{"line":25,"column":41},"end":{"line":32,"column":null}},"line":25},"1":{"name":"(anonymous_1)","decl":{"start":{"line":34,"column":9},"end":{"line":34,"column":34}},"loc":{"start":{"line":34,"column":77},"end":{"line":39,"column":null}},"line":34},"2":{"name":"(anonymous_2)","decl":{"start":{"line":41,"column":2},"end":{"line":41,"column":20}},"loc":{"start":{"line":41,"column":62},"end":{"line":56,"column":null}},"line":41},"3":{"name":"(anonymous_3)","decl":{"start":{"line":58,"column":16},"end":{"line":58,"column":28}},"loc":{"start":{"line":58,"column":28},"end":{"line":64,"column":null}},"line":58},"4":{"name":"(anonymous_4)","decl":{"start":{"line":66,"column":2},"end":{"line":66,"column":28}},"loc":{"start":{"line":66,"column":28},"end":{"line":119,"column":null}},"line":66}},"branchMap":{"0":{"loc":{"start":{"line":43,"column":4},"end":{"line":45,"column":null}},"type":"if","locations":[{"start":{"line":43,"column":4},"end":{"line":45,"column":null}},{"start":{},"end":{}}],"line":43},"1":{"loc":{"start":{"line":53,"column":4},"end":{"line":55,"column":null}},"type":"if","locations":[{"start":{"line":53,"column":4},"end":{"line":55,"column":null}},{"start":{},"end":{}}],"line":53},"2":{"loc":{"start":{"line":70,"column":4},"end":{"line":116,"column":null}},"type":"if","locations":[{"start":{"line":70,"column":4},"end":{"line":116,"column":null}},{"start":{},"end":{}}],"line":70},"3":{"loc":{"start":{"line":70,"column":8},"end":{"line":70,"column":27}},"type":"binary-expr","locations":[{"start":{"line":70,"column":8},"end":{"line":70,"column":20}},{"start":{"line":70,"column":20},"end":{"line":70,"column":27}}],"line":70},"4":{"loc":{"start":{"line":72,"column":6},"end":{"line":81,"column":null}},"type":"if","locations":[{"start":{"line":72,"column":6},"end":{"line":81,"column":null}},{"start":{},"end":{}}],"line":72},"5":{"loc":{"start":{"line":73,"column":8},"end":{"line":79,"column":null}},"type":"if","locations":[{"start":{"line":73,"column":8},"end":{"line":79,"column":null}},{"start":{},"end":{}}],"line":73},"6":{"loc":{"start":{"line":98,"column":15},"end":{"line":106,"column":null}},"type":"binary-expr","locations":[{"start":{"line":98,"column":15},"end":{"line":98,"column":57}},{"start":{"line":98,"column":57},"end":{"line":98,"column":null}},{"start":{"line":99,"column":16},"end":{"line":106,"column":null}}],"line":98}},"s":{"0":2,"1":25,"2":25,"3":26,"4":13,"5":0,"6":13,"7":13,"8":2,"9":2,"10":68,"11":68,"12":68,"13":39,"14":6,"15":3,"16":3,"17":33,"18":29},"f":{"0":25,"1":1,"2":13,"3":2,"4":68},"b":{"0":[0,13],"1":[2,11],"2":[39,29],"3":[68,39],"4":[6,33],"5":[3,3],"6":[33,0,0]},"meta":{"lastBranch":7,"lastFunction":5,"lastStatement":19,"seen":{"s:58:16:64:Infinity":0,"f:25:2:25:14":0,"s:26:4:26:Infinity":1,"s:27:4:31:Infinity":2,"f:34:9:34:34":1,"s:35:4:38:Infinity":3,"f:41:2:41:20":2,"b:43:4:45:Infinity:undefined:undefined:undefined:undefined":0,"s:43:4:45:Infinity":4,"s:44:6:44:Infinity":5,"s:48:4:50:Infinity":6,"b:53:4:55:Infinity:undefined:undefined:undefined:undefined":1,"s:53:4:55:Infinity":7,"s:54:6:54:Infinity":8,"f:58:16:58:28":3,"s:59:4:63:Infinity":9,"f:66:2:66:28":4,"s:67:43:67:Infinity":10,"s:68:35:68:Infinity":11,"b:70:4:116:Infinity:undefined:undefined:undefined:undefined":2,"s:70:4:116:Infinity":12,"b:70:8:70:20:70:20:70:27":3,"b:72:6:81:Infinity:undefined:undefined:undefined:undefined":4,"s:72:6:81:Infinity":13,"b:73:8:79:Infinity:undefined:undefined:undefined:undefined":5,"s:73:8:79:Infinity":14,"s:74:10:78:Infinity":15,"s:80:8:80:Infinity":16,"s:84:6:114:Infinity":17,"b:98:15:98:57:98:57:98:Infinity:99:16:106:Infinity":6,"s:118:4:118:Infinity":18}}}
,"/Users/jellpd/dev-utils-hub/src/components/tools/APITester/components/HeadersEditor.tsx": {"path":"/Users/jellpd/dev-utils-hub/src/components/tools/APITester/components/HeadersEditor.tsx","statementMap":{"0":{"start":{"line":22,"column":12},"end":{"line":22,"column":null}},"1":{"start":{"line":23,"column":26},"end":{"line":25,"column":null}},"2":{"start":{"line":24,"column":4},"end":{"line":24,"column":null}},"3":{"start":{"line":27,"column":26},"end":{"line":31,"column":null}},"4":{"start":{"line":28,"column":27},"end":{"line":28,"column":null}},"5":{"start":{"line":29,"column":4},"end":{"line":29,"column":null}},"6":{"start":{"line":30,"column":4},"end":{"line":30,"column":null}},"7":{"start":{"line":33,"column":28},"end":{"line":37,"column":null}},"8":{"start":{"line":34,"column":27},"end":{"line":34,"column":null}},"9":{"start":{"line":35,"column":4},"end":{"line":35,"column":null}},"10":{"start":{"line":36,"column":4},"end":{"line":36,"column":null}},"11":{"start":{"line":39,"column":30},"end":{"line":46,"column":null}},"12":{"start":{"line":40,"column":27},"end":{"line":40,"column":null}},"13":{"start":{"line":41,"column":4},"end":{"line":44,"column":null}},"14":{"start":{"line":45,"column":4},"end":{"line":45,"column":null}},"15":{"start":{"line":48,"column":23},"end":{"line":51,"column":null}},"16":{"start":{"line":49,"column":27},"end":{"line":49,"column":null}},"17":{"start":{"line":49,"column":52},"end":{"line":49,"column":63}},"18":{"start":{"line":50,"column":4},"end":{"line":50,"column":null}},"19":{"start":{"line":53,"column":2},"end":{"line":65,"column":null}},"20":{"start":{"line":54,"column":4},"end":{"line":63,"column":null}},"21":{"start":{"line":67,"column":2},"end":{"line":122,"column":null}},"22":{"start":{"line":80,"column":12},"end":{"line":114,"column":null}},"23":{"start":{"line":84,"column":41},"end":{"line":84,"column":null}},"24":{"start":{"line":91,"column":35},"end":{"line":91,"column":null}},"25":{"start":{"line":99,"column":35},"end":{"line":99,"column":null}},"26":{"start":{"line":108,"column":33},"end":{"line":108,"column":null}}},"fnMap":{"0":{"name":"HeadersEditor","decl":{"start":{"line":21,"column":16},"end":{"line":21,"column":30}},"loc":{"start":{"line":21,"column":73},"end":{"line":124,"column":null}},"line":21},"1":{"name":"(anonymous_1)","decl":{"start":{"line":23,"column":26},"end":{"line":23,"column":32}},"loc":{"start":{"line":23,"column":32},"end":{"line":25,"column":null}},"line":23},"2":{"name":"(anonymous_2)","decl":{"start":{"line":27,"column":26},"end":{"line":27,"column":27}},"loc":{"start":{"line":27,"column":58},"end":{"line":31,"column":null}},"line":27},"3":{"name":"(anonymous_3)","decl":{"start":{"line":33,"column":28},"end":{"line":33,"column":29}},"loc":{"start":{"line":33,"column":62},"end":{"line":37,"column":null}},"line":33},"4":{"name":"(anonymous_4)","decl":{"start":{"line":39,"column":30},"end":{"line":39,"column":31}},"loc":{"start":{"line":39,"column":49},"end":{"line":46,"column":null}},"line":39},"5":{"name":"(anonymous_5)","decl":{"start":{"line":48,"column":23},"end":{"line":48,"column":24}},"loc":{"start":{"line":48,"column":42},"end":{"line":51,"column":null}},"line":48},"6":{"name":"(anonymous_6)","decl":{"start":{"line":49,"column":42},"end":{"line":49,"column":43}},"loc":{"start":{"line":49,"column":52},"end":{"line":49,"column":63}},"line":49},"7":{"name":"(anonymous_7)","decl":{"start":{"line":79,"column":23},"end":{"line":79,"column":24}},"loc":{"start":{"line":80,"column":12},"end":{"line":114,"column":null}},"line":80},"8":{"name":"(anonymous_8)","decl":{"start":{"line":84,"column":35},"end":{"line":84,"column":41}},"loc":{"start":{"line":84,"column":41},"end":{"line":84,"column":null}},"line":84},"9":{"name":"(anonymous_9)","decl":{"start":{"line":91,"column":28},"end":{"line":91,"column":29}},"loc":{"start":{"line":91,"column":35},"end":{"line":91,"column":null}},"line":91},"10":{"name":"(anonymous_10)","decl":{"start":{"line":99,"column":28},"end":{"line":99,"column":29}},"loc":{"start":{"line":99,"column":35},"end":{"line":99,"column":null}},"line":99},"11":{"name":"(anonymous_11)","decl":{"start":{"line":108,"column":27},"end":{"line":108,"column":33}},"loc":{"start":{"line":108,"column":33},"end":{"line":108,"column":null}},"line":108}},"branchMap":{"0":{"loc":{"start":{"line":53,"column":2},"end":{"line":65,"column":null}},"type":"if","locations":[{"start":{"line":53,"column":2},"end":{"line":65,"column":null}},{"start":{},"end":{}}],"line":53},"1":{"loc":{"start":{"line":85,"column":40},"end":{"line":85,"column":62}},"type":"binary-expr","locations":[{"start":{"line":85,"column":40},"end":{"line":85,"column":54}},{"start":{"line":85,"column":54},"end":{"line":85,"column":62}}],"line":85},"2":{"loc":{"start":{"line":109,"column":47},"end":{"line":109,"column":70}},"type":"binary-expr","locations":[{"start":{"line":109,"column":47},"end":{"line":109,"column":61}},{"start":{"line":109,"column":61},"end":{"line":109,"column":70}}],"line":109}},"s":{"0":12,"1":12,"2":4,"3":12,"4":1,"5":1,"6":1,"7":12,"8":1,"9":1,"10":1,"11":12,"12":1,"13":1,"14":1,"15":12,"16":1,"17":2,"18":1,"19":12,"20":5,"21":7,"22":14,"23":1,"24":1,"25":1,"26":1},"f":{"0":12,"1":4,"2":1,"3":1,"4":1,"5":1,"6":2,"7":14,"8":1,"9":1,"10":1,"11":1},"b":{"0":[5,7],"1":[14,0],"2":[14,0]},"meta":{"lastBranch":3,"lastFunction":12,"lastStatement":27,"seen":{"f:21:16:21:30":0,"s:22:12:22:Infinity":0,"s:23:26:25:Infinity":1,"f:23:26:23:32":1,"s:24:4:24:Infinity":2,"s:27:26:31:Infinity":3,"f:27:26:27:27":2,"s:28:27:28:Infinity":4,"s:29:4:29:Infinity":5,"s:30:4:30:Infinity":6,"s:33:28:37:Infinity":7,"f:33:28:33:29":3,"s:34:27:34:Infinity":8,"s:35:4:35:Infinity":9,"s:36:4:36:Infinity":10,"s:39:30:46:Infinity":11,"f:39:30:39:31":4,"s:40:27:40:Infinity":12,"s:41:4:44:Infinity":13,"s:45:4:45:Infinity":14,"s:48:23:51:Infinity":15,"f:48:23:48:24":5,"s:49:27:49:Infinity":16,"f:49:42:49:43":6,"s:49:52:49:63":17,"s:50:4:50:Infinity":18,"b:53:2:65:Infinity:undefined:undefined:undefined:undefined":0,"s:53:2:65:Infinity":19,"s:54:4:63:Infinity":20,"s:67:2:122:Infinity":21,"f:79:23:79:24":7,"s:80:12:114:Infinity":22,"f:84:35:84:41":8,"s:84:41:84:Infinity":23,"b:85:40:85:54:85:54:85:62":1,"f:91:28:91:29":9,"s:91:35:91:Infinity":24,"f:99:28:99:29":10,"s:99:35:99:Infinity":25,"f:108:27:108:33":11,"s:108:33:108:Infinity":26,"b:109:47:109:61:109:61:109:70":2}}}
,"/Users/jellpd/dev-utils-hub/src/components/tools/APITester/components/HistoryList.tsx": {"path":"/Users/jellpd/dev-utils-hub/src/components/tools/APITester/components/HistoryList.tsx","statementMap":{"0":{"start":{"line":17,"column":12},"end":{"line":17,"column":null}},"1":{"start":{"line":18,"column":36},"end":{"line":18,"column":null}},"2":{"start":{"line":19,"column":38},"end":{"line":19,"column":null}},"3":{"start":{"line":20,"column":38},"end":{"line":20,"column":null}},"4":{"start":{"line":23,"column":8},"end":{"line":48,"column":null}},"5":{"start":{"line":24,"column":4},"end":{"line":47,"column":null}},"6":{"start":{"line":26,"column":6},"end":{"line":28,"column":null}},"7":{"start":{"line":27,"column":8},"end":{"line":27,"column":null}},"8":{"start":{"line":31,"column":6},"end":{"line":33,"column":null}},"9":{"start":{"line":32,"column":8},"end":{"line":32,"column":null}},"10":{"start":{"line":34,"column":6},"end":{"line":36,"column":null}},"11":{"start":{"line":35,"column":8},"end":{"line":35,"column":null}},"12":{"start":{"line":39,"column":6},"end":{"line":44,"column":null}},"13":{"start":{"line":40,"column":22},"end":{"line":40,"column":null}},"14":{"start":{"line":41,"column":27},"end":{"line":41,"column":null}},"15":{"start":{"line":42,"column":30},"end":{"line":42,"column":null}},"16":{"start":{"line":43,"column":8},"end":{"line":43,"column":null}},"17":{"start":{"line":46,"column":6},"end":{"line":46,"column":null}},"18":{"start":{"line":51,"column":29},"end":{"line":70,"column":null}},"19":{"start":{"line":52,"column":20},"end":{"line":52,"column":null}},"20":{"start":{"line":54,"column":4},"end":{"line":56,"column":null}},"21":{"start":{"line":55,"column":6},"end":{"line":55,"column":null}},"22":{"start":{"line":58,"column":20},"end":{"line":58,"column":null}},"23":{"start":{"line":59,"column":4},"end":{"line":61,"column":null}},"24":{"start":{"line":60,"column":6},"end":{"line":60,"column":null}},"25":{"start":{"line":63,"column":18},"end":{"line":63,"column":null}},"26":{"start":{"line":64,"column":4},"end":{"line":66,"column":null}},"27":{"start":{"line":65,"column":6},"end":{"line":65,"column":null}},"28":{"start":{"line":68,"column":17},"end":{"line":68,"column":null}},"29":{"start":{"line":69,"column":4},"end":{"line":69,"column":null}},"30":{"start":{"line":73,"column":25},"end":{"line":82,"column":null}},"31":{"start":{"line":74,"column":43},"end":{"line":80,"column":null}},"32":{"start":{"line":81,"column":4},"end":{"line":81,"column":null}},"33":{"start":{"line":85,"column":25},"end":{"line":91,"column":null}},"34":{"start":{"line":86,"column":4},"end":{"line":86,"column":null}},"35":{"start":{"line":86,"column":17},"end":{"line":86,"column":null}},"36":{"start":{"line":87,"column":4},"end":{"line":87,"column":null}},"37":{"start":{"line":87,"column":39},"end":{"line":87,"column":null}},"38":{"start":{"line":88,"column":4},"end":{"line":88,"column":null}},"39":{"start":{"line":88,"column":39},"end":{"line":88,"column":null}},"40":{"start":{"line":89,"column":4},"end":{"line":89,"column":null}},"41":{"start":{"line":89,"column":39},"end":{"line":89,"column":null}},"42":{"start":{"line":90,"column":4},"end":{"line":90,"column":null}},"43":{"start":{"line":94,"column":2},"end":{"line":101,"column":null}},"44":{"start":{"line":95,"column":4},"end":{"line":99,"column":null}},"45":{"start":{"line":104,"column":2},"end":{"line":162,"column":null}},"46":{"start":{"line":105,"column":4},"end":{"line":160,"column":null}},"47":{"start":{"line":115,"column":31},"end":{"line":115,"column":null}},"48":{"start":{"line":126,"column":33},"end":{"line":126,"column":null}},"49":{"start":{"line":144,"column":33},"end":{"line":144,"column":null}},"50":{"start":{"line":164,"column":2},"end":{"line":272,"column":null}},"51":{"start":{"line":174,"column":29},"end":{"line":174,"column":null}},"52":{"start":{"line":185,"column":31},"end":{"line":185,"column":null}},"53":{"start":{"line":203,"column":31},"end":{"line":203,"column":null}},"54":{"start":{"line":218,"column":10},"end":{"line":269,"column":null}},"55":{"start":{"line":226,"column":31},"end":{"line":226,"column":null}},"56":{"start":{"line":263,"column":31},"end":{"line":263,"column":null}}},"fnMap":{"0":{"name":"HistoryList","decl":{"start":{"line":16,"column":16},"end":{"line":16,"column":28}},"loc":{"start":{"line":16,"column":78},"end":{"line":274,"column":null}},"line":16},"1":{"name":"(anonymous_1)","decl":{"start":{"line":23,"column":32},"end":{"line":23,"column":38}},"loc":{"start":{"line":23,"column":38},"end":{"line":48,"column":5}},"line":23},"2":{"name":"(anonymous_2)","decl":{"start":{"line":24,"column":24},"end":{"line":24,"column":32}},"loc":{"start":{"line":24,"column":32},"end":{"line":47,"column":5}},"line":24},"3":{"name":"(anonymous_3)","decl":{"start":{"line":51,"column":29},"end":{"line":51,"column":30}},"loc":{"start":{"line":51,"column":60},"end":{"line":70,"column":null}},"line":51},"4":{"name":"(anonymous_4)","decl":{"start":{"line":73,"column":25},"end":{"line":73,"column":26}},"loc":{"start":{"line":73,"column":53},"end":{"line":82,"column":null}},"line":73},"5":{"name":"(anonymous_5)","decl":{"start":{"line":85,"column":25},"end":{"line":85,"column":26}},"loc":{"start":{"line":85,"column":54},"end":{"line":91,"column":null}},"line":85},"6":{"name":"(anonymous_6)","decl":{"start":{"line":115,"column":24},"end":{"line":115,"column":25}},"loc":{"start":{"line":115,"column":31},"end":{"line":115,"column":null}},"line":115},"7":{"name":"(anonymous_7)","decl":{"start":{"line":126,"column":26},"end":{"line":126,"column":27}},"loc":{"start":{"line":126,"column":33},"end":{"line":126,"column":null}},"line":126},"8":{"name":"(anonymous_8)","decl":{"start":{"line":144,"column":26},"end":{"line":144,"column":27}},"loc":{"start":{"line":144,"column":33},"end":{"line":144,"column":null}},"line":144},"9":{"name":"(anonymous_9)","decl":{"start":{"line":174,"column":22},"end":{"line":174,"column":23}},"loc":{"start":{"line":174,"column":29},"end":{"line":174,"column":null}},"line":174},"10":{"name":"(anonymous_10)","decl":{"start":{"line":185,"column":24},"end":{"line":185,"column":25}},"loc":{"start":{"line":185,"column":31},"end":{"line":185,"column":null}},"line":185},"11":{"name":"(anonymous_11)","decl":{"start":{"line":203,"column":24},"end":{"line":203,"column":25}},"loc":{"start":{"line":203,"column":31},"end":{"line":203,"column":null}},"line":203},"12":{"name":"(anonymous_12)","decl":{"start":{"line":217,"column":27},"end":{"line":217,"column":28}},"loc":{"start":{"line":218,"column":10},"end":{"line":269,"column":null}},"line":218},"13":{"name":"(anonymous_13)","decl":{"start":{"line":226,"column":25},"end":{"line":226,"column":31}},"loc":{"start":{"line":226,"column":31},"end":{"line":226,"column":null}},"line":226},"14":{"name":"(anonymous_14)","decl":{"start":{"line":263,"column":25},"end":{"line":263,"column":31}},"loc":{"start":{"line":263,"column":31},"end":{"line":263,"column":null}},"line":263}},"branchMap":{"0":{"loc":{"start":{"line":26,"column":6},"end":{"line":28,"column":null}},"type":"if","locations":[{"start":{"line":26,"column":6},"end":{"line":28,"column":null}},{"start":{},"end":{}}],"line":26},"1":{"loc":{"start":{"line":26,"column":10},"end":{"line":26,"column":66}},"type":"binary-expr","locations":[{"start":{"line":26,"column":10},"end":{"line":26,"column":36}},{"start":{"line":26,"column":36},"end":{"line":26,"column":66}}],"line":26},"2":{"loc":{"start":{"line":31,"column":6},"end":{"line":33,"column":null}},"type":"if","locations":[{"start":{"line":31,"column":6},"end":{"line":33,"column":null}},{"start":{},"end":{}}],"line":31},"3":{"loc":{"start":{"line":31,"column":10},"end":{"line":31,"column":56}},"type":"binary-expr","locations":[{"start":{"line":31,"column":10},"end":{"line":31,"column":40}},{"start":{"line":31,"column":40},"end":{"line":31,"column":56}}],"line":31},"4":{"loc":{"start":{"line":34,"column":6},"end":{"line":36,"column":null}},"type":"if","locations":[{"start":{"line":34,"column":6},"end":{"line":36,"column":null}},{"start":{},"end":{}}],"line":34},"5":{"loc":{"start":{"line":34,"column":10},"end":{"line":34,"column":51}},"type":"binary-expr","locations":[{"start":{"line":34,"column":10},"end":{"line":34,"column":38}},{"start":{"line":34,"column":38},"end":{"line":34,"column":51}}],"line":34},"6":{"loc":{"start":{"line":39,"column":6},"end":{"line":44,"column":null}},"type":"if","locations":[{"start":{"line":39,"column":6},"end":{"line":44,"column":null}},{"start":{},"end":{}}],"line":39},"7":{"loc":{"start":{"line":43,"column":15},"end":{"line":43,"column":null}},"type":"binary-expr","locations":[{"start":{"line":43,"column":15},"end":{"line":43,"column":29}},{"start":{"line":43,"column":29},"end":{"line":43,"column":null}}],"line":43},"8":{"loc":{"start":{"line":54,"column":4},"end":{"line":56,"column":null}},"type":"if","locations":[{"start":{"line":54,"column":4},"end":{"line":56,"column":null}},{"start":{},"end":{}}],"line":54},"9":{"loc":{"start":{"line":55,"column":33},"end":{"line":55,"column":57}},"type":"cond-expr","locations":[{"start":{"line":55,"column":49},"end":{"line":55,"column":55}},{"start":{"line":55,"column":55},"end":{"line":55,"column":57}}],"line":55},"10":{"loc":{"start":{"line":59,"column":4},"end":{"line":61,"column":null}},"type":"if","locations":[{"start":{"line":59,"column":4},"end":{"line":61,"column":null}},{"start":{},"end":{}}],"line":59},"11":{"loc":{"start":{"line":60,"column":33},"end":{"line":60,"column":57}},"type":"cond-expr","locations":[{"start":{"line":60,"column":49},"end":{"line":60,"column":55}},{"start":{"line":60,"column":55},"end":{"line":60,"column":57}}],"line":60},"12":{"loc":{"start":{"line":64,"column":4},"end":{"line":66,"column":null}},"type":"if","locations":[{"start":{"line":64,"column":4},"end":{"line":66,"column":null}},{"start":{},"end":{}}],"line":64},"13":{"loc":{"start":{"line":65,"column":29},"end":{"line":65,"column":51}},"type":"cond-expr","locations":[{"start":{"line":65,"column":43},"end":{"line":65,"column":49}},{"start":{"line":65,"column":49},"end":{"line":65,"column":51}}],"line":65},"14":{"loc":{"start":{"line":69,"column":25},"end":{"line":69,"column":46}},"type":"cond-expr","locations":[{"start":{"line":69,"column":38},"end":{"line":69,"column":44}},{"start":{"line":69,"column":44},"end":{"line":69,"column":46}}],"line":69},"15":{"loc":{"start":{"line":81,"column":11},"end":{"line":81,"column":null}},"type":"binary-expr","locations":[{"start":{"line":81,"column":11},"end":{"line":81,"column":29}},{"start":{"line":81,"column":29},"end":{"line":81,"column":null}}],"line":81},"16":{"loc":{"start":{"line":86,"column":4},"end":{"line":86,"column":null}},"type":"if","locations":[{"start":{"line":86,"column":4},"end":{"line":86,"column":null}},{"start":{},"end":{}}],"line":86},"17":{"loc":{"start":{"line":87,"column":4},"end":{"line":87,"column":null}},"type":"if","locations":[{"start":{"line":87,"column":4},"end":{"line":87,"column":null}},{"start":{},"end":{}}],"line":87},"18":{"loc":{"start":{"line":87,"column":8},"end":{"line":87,"column":39}},"type":"binary-expr","locations":[{"start":{"line":87,"column":8},"end":{"line":87,"column":25}},{"start":{"line":87,"column":25},"end":{"line":87,"column":39}}],"line":87},"19":{"loc":{"start":{"line":88,"column":4},"end":{"line":88,"column":null}},"type":"if","locations":[{"start":{"line":88,"column":4},"end":{"line":88,"column":null}},{"start":{},"end":{}}],"line":88},"20":{"loc":{"start":{"line":88,"column":8},"end":{"line":88,"column":39}},"type":"binary-expr","locations":[{"start":{"line":88,"column":8},"end":{"line":88,"column":25}},{"start":{"line":88,"column":25},"end":{"line":88,"column":39}}],"line":88},"21":{"loc":{"start":{"line":89,"column":4},"end":{"line":89,"column":null}},"type":"if","locations":[{"start":{"line":89,"column":4},"end":{"line":89,"column":null}},{"start":{},"end":{}}],"line":89},"22":{"loc":{"start":{"line":89,"column":8},"end":{"line":89,"column":39}},"type":"binary-expr","locations":[{"start":{"line":89,"column":8},"end":{"line":89,"column":25}},{"start":{"line":89,"column":25},"end":{"line":89,"column":39}}],"line":89},"23":{"loc":{"start":{"line":94,"column":2},"end":{"line":101,"column":null}},"type":"if","locations":[{"start":{"line":94,"column":2},"end":{"line":101,"column":null}},{"start":{},"end":{}}],"line":94},"24":{"loc":{"start":{"line":104,"column":2},"end":{"line":162,"column":null}},"type":"if","locations":[{"start":{"line":104,"column":2},"end":{"line":162,"column":null}},{"start":{},"end":{}}],"line":104},"25":{"loc":{"start":{"line":241,"column":21},"end":{"line":244,"column":null}},"type":"binary-expr","locations":[{"start":{"line":241,"column":21},"end":{"line":241,"column":null}},{"start":{"line":242,"column":22},"end":{"line":244,"column":null}}],"line":241},"26":{"loc":{"start":{"line":246,"column":21},"end":{"line":249,"column":null}},"type":"binary-expr","locations":[{"start":{"line":246,"column":21},"end":{"line":246,"column":null}},{"start":{"line":247,"column":22},"end":{"line":249,"column":null}}],"line":246},"27":{"loc":{"start":{"line":252,"column":21},"end":{"line":253,"column":null}},"type":"binary-expr","locations":[{"start":{"line":252,"column":21},"end":{"line":252,"column":null}},{"start":{"line":253,"column":22},"end":{"line":253,"column":null}}],"line":252}},"s":{"0":45,"1":45,"2":45,"3":45,"4":45,"5":40,"6":117,"7":8,"8":109,"9":0,"10":109,"11":2,"12":107,"13":58,"14":58,"15":58,"16":58,"17":49,"18":45,"19":71,"20":71,"21":71,"22":0,"23":0,"24":0,"25":0,"26":0,"27":0,"28":0,"29":0,"30":45,"31":71,"32":71,"33":45,"34":46,"35":0,"36":46,"37":46,"38":0,"39":0,"40":0,"41":0,"42":0,"43":45,"44":1,"45":44,"46":12,"47":10,"48":0,"49":0,"50":32,"51":11,"52":2,"53":1,"54":71,"55":1,"56":1},"f":{"0":45,"1":40,"2":117,"3":71,"4":71,"5":46,"6":10,"7":0,"8":0,"9":11,"10":2,"11":1,"12":71,"13":1,"14":1},"b":{"0":[8,109],"1":[117,21],"2":[0,109],"3":[109,0],"4":[2,107],"5":[109,3],"6":[58,49],"7":[58,46],"8":[71,0],"9":[47,24],"10":[0,0],"11":[0,0],"12":[0,0],"13":[0,0],"14":[0,0],"15":[71,0],"16":[0,46],"17":[46,0],"18":[46,46],"19":[0,0],"20":[0,0],"21":[0,0],"22":[0,0],"23":[1,44],"24":[12,32],"25":[71,46],"26":[71,25],"27":[71,46]},"meta":{"lastBranch":28,"lastFunction":15,"lastStatement":57,"seen":{"f:16:16:16:28":0,"s:17:12:17:Infinity":0,"s:18:36:18:Infinity":1,"s:19:38:19:Infinity":2,"s:20:38:20:Infinity":3,"s:23:8:48:Infinity":4,"f:23:32:23:38":1,"s:24:4:47:Infinity":5,"f:24:24:24:32":2,"b:26:6:28:Infinity:undefined:undefined:undefined:undefined":0,"s:26:6:28:Infinity":6,"b:26:10:26:36:26:36:26:66":1,"s:27:8:27:Infinity":7,"b:31:6:33:Infinity:undefined:undefined:undefined:undefined":2,"s:31:6:33:Infinity":8,"b:31:10:31:40:31:40:31:56":3,"s:32:8:32:Infinity":9,"b:34:6:36:Infinity:undefined:undefined:undefined:undefined":4,"s:34:6:36:Infinity":10,"b:34:10:34:38:34:38:34:51":5,"s:35:8:35:Infinity":11,"b:39:6:44:Infinity:undefined:undefined:undefined:undefined":6,"s:39:6:44:Infinity":12,"s:40:22:40:Infinity":13,"s:41:27:41:Infinity":14,"s:42:30:42:Infinity":15,"s:43:8:43:Infinity":16,"b:43:15:43:29:43:29:43:Infinity":7,"s:46:6:46:Infinity":17,"s:51:29:70:Infinity":18,"f:51:29:51:30":3,"s:52:20:52:Infinity":19,"b:54:4:56:Infinity:undefined:undefined:undefined:undefined":8,"s:54:4:56:Infinity":20,"s:55:6:55:Infinity":21,"b:55:49:55:55:55:55:55:57":9,"s:58:20:58:Infinity":22,"b:59:4:61:Infinity:undefined:undefined:undefined:undefined":10,"s:59:4:61:Infinity":23,"s:60:6:60:Infinity":24,"b:60:49:60:55:60:55:60:57":11,"s:63:18:63:Infinity":25,"b:64:4:66:Infinity:undefined:undefined:undefined:undefined":12,"s:64:4:66:Infinity":26,"s:65:6:65:Infinity":27,"b:65:43:65:49:65:49:65:51":13,"s:68:17:68:Infinity":28,"s:69:4:69:Infinity":29,"b:69:38:69:44:69:44:69:46":14,"s:73:25:82:Infinity":30,"f:73:25:73:26":4,"s:74:43:80:Infinity":31,"s:81:4:81:Infinity":32,"b:81:11:81:29:81:29:81:Infinity":15,"s:85:25:91:Infinity":33,"f:85:25:85:26":5,"b:86:4:86:Infinity:undefined:undefined:undefined:undefined":16,"s:86:4:86:Infinity":34,"s:86:17:86:Infinity":35,"b:87:4:87:Infinity:undefined:undefined:undefined:undefined":17,"s:87:4:87:Infinity":36,"b:87:8:87:25:87:25:87:39":18,"s:87:39:87:Infinity":37,"b:88:4:88:Infinity:undefined:undefined:undefined:undefined":19,"s:88:4:88:Infinity":38,"b:88:8:88:25:88:25:88:39":20,"s:88:39:88:Infinity":39,"b:89:4:89:Infinity:undefined:undefined:undefined:undefined":21,"s:89:4:89:Infinity":40,"b:89:8:89:25:89:25:89:39":22,"s:89:39:89:Infinity":41,"s:90:4:90:Infinity":42,"b:94:2:101:Infinity:undefined:undefined:undefined:undefined":23,"s:94:2:101:Infinity":43,"s:95:4:99:Infinity":44,"b:104:2:162:Infinity:undefined:undefined:undefined:undefined":24,"s:104:2:162:Infinity":45,"s:105:4:160:Infinity":46,"f:115:24:115:25":6,"s:115:31:115:Infinity":47,"f:126:26:126:27":7,"s:126:33:126:Infinity":48,"f:144:26:144:27":8,"s:144:33:144:Infinity":49,"s:164:2:272:Infinity":50,"f:174:22:174:23":9,"s:174:29:174:Infinity":51,"f:185:24:185:25":10,"s:185:31:185:Infinity":52,"f:203:24:203:25":11,"s:203:31:203:Infinity":53,"f:217:27:217:28":12,"s:218:10:269:Infinity":54,"f:226:25:226:31":13,"s:226:31:226:Infinity":55,"b:241:21:241:Infinity:242:22:244:Infinity":25,"b:246:21:246:Infinity:247:22:249:Infinity":26,"b:252:21:252:Infinity:253:22:253:Infinity":27,"f:263:25:263:31":14,"s:263:31:263:Infinity":56}}}
,"/Users/jellpd/dev-utils-hub/src/components/tools/APITester/components/HistoryPanel.tsx": {"path":"/Users/jellpd/dev-utils-hub/src/components/tools/APITester/components/HistoryPanel.tsx","statementMap":{"0":{"start":{"line":15,"column":12},"end":{"line":15,"column":null}},"1":{"start":{"line":16,"column":34},"end":{"line":16,"column":null}},"2":{"start":{"line":18,"column":23},"end":{"line":20,"column":null}},"3":{"start":{"line":19,"column":4},"end":{"line":19,"column":null}},"4":{"start":{"line":22,"column":2},"end":{"line":65,"column":null}}},"fnMap":{"0":{"name":"HistoryPanel","decl":{"start":{"line":14,"column":16},"end":{"line":14,"column":29}},"loc":{"start":{"line":14,"column":82},"end":{"line":67,"column":null}},"line":14},"1":{"name":"(anonymous_1)","decl":{"start":{"line":18,"column":23},"end":{"line":18,"column":29}},"loc":{"start":{"line":18,"column":29},"end":{"line":20,"column":null}},"line":18}},"branchMap":{"0":{"loc":{"start":{"line":14,"column":41},"end":{"line":14,"column":52}},"type":"default-arg","locations":[{"start":{"line":14,"column":49},"end":{"line":14,"column":52}}],"line":14},"1":{"loc":{"start":{"line":32,"column":24},"end":{"line":32,"column":null}},"type":"cond-expr","locations":[{"start":{"line":32,"column":37},"end":{"line":32,"column":71}},{"start":{"line":32,"column":71},"end":{"line":32,"column":null}}],"line":32},"2":{"loc":{"start":{"line":34,"column":13},"end":{"line":37,"column":null}},"type":"cond-expr","locations":[{"start":{"line":35,"column":14},"end":{"line":35,"column":null}},{"start":{"line":37,"column":14},"end":{"line":37,"column":null}}],"line":34},"3":{"loc":{"start":{"line":60,"column":7},"end":{"line":63,"column":null}},"type":"binary-expr","locations":[{"start":{"line":60,"column":7},"end":{"line":60,"column":null}},{"start":{"line":61,"column":8},"end":{"line":63,"column":null}}],"line":60}},"s":{"0":15,"1":15,"2":15,"3":2,"4":15},"f":{"0":15,"1":2},"b":{"0":[15],"1":[11,4],"2":[11,4],"3":[15,11]},"meta":{"lastBranch":4,"lastFunction":2,"lastStatement":5,"seen":{"f:14:16:14:29":0,"b:14:49:14:52":0,"s:15:12:15:Infinity":0,"s:16:34:16:Infinity":1,"s:18:23:20:Infinity":2,"f:18:23:18:29":1,"s:19:4:19:Infinity":3,"s:22:2:65:Infinity":4,"b:32:37:32:71:32:71:32:Infinity":1,"b:35:14:35:Infinity:37:14:37:Infinity":2,"b:60:7:60:Infinity:61:8:63:Infinity":3}}}
,"/Users/jellpd/dev-utils-hub/src/components/tools/APITester/components/MethodSelector.tsx": {"path":"/Users/jellpd/dev-utils-hub/src/components/tools/APITester/components/MethodSelector.tsx","statementMap":{"0":{"start":{"line":11,"column":35},"end":{"line":11,"column":null}},"1":{"start":{"line":19,"column":12},"end":{"line":19,"column":null}},"2":{"start":{"line":21,"column":2},"end":{"line":33,"column":null}},"3":{"start":{"line":28,"column":10},"end":{"line":30,"column":null}}},"fnMap":{"0":{"name":"MethodSelector","decl":{"start":{"line":18,"column":16},"end":{"line":18,"column":31}},"loc":{"start":{"line":18,"column":73},"end":{"line":35,"column":null}},"line":18},"1":{"name":"(anonymous_1)","decl":{"start":{"line":27,"column":26},"end":{"line":27,"column":27}},"loc":{"start":{"line":28,"column":10},"end":{"line":30,"column":null}},"line":28}},"branchMap":{},"s":{"0":1,"1":9,"2":9,"3":63},"f":{"0":9,"1":63},"b":{},"meta":{"lastBranch":0,"lastFunction":2,"lastStatement":4,"seen":{"s:11:35:11:Infinity":0,"f:18:16:18:31":0,"s:19:12:19:Infinity":1,"s:21:2:33:Infinity":2,"f:27:26:27:27":1,"s:28:10:30:Infinity":3}}}
,"/Users/jellpd/dev-utils-hub/src/components/tools/APITester/components/QueryParamsEditor.tsx": {"path":"/Users/jellpd/dev-utils-hub/src/components/tools/APITester/components/QueryParamsEditor.tsx","statementMap":{"0":{"start":{"line":18,"column":12},"end":{"line":18,"column":null}},"1":{"start":{"line":19,"column":20},"end":{"line":21,"column":null}},"2":{"start":{"line":20,"column":4},"end":{"line":20,"column":null}},"3":{"start":{"line":23,"column":23},"end":{"line":26,"column":null}},"4":{"start":{"line":24,"column":22},"end":{"line":24,"column":null}},"5":{"start":{"line":24,"column":46},"end":{"line":24,"column":57}},"6":{"start":{"line":25,"column":4},"end":{"line":25,"column":null}},"7":{"start":{"line":28,"column":26},"end":{"line":32,"column":null}},"8":{"start":{"line":29,"column":22},"end":{"line":29,"column":null}},"9":{"start":{"line":30,"column":4},"end":{"line":30,"column":null}},"10":{"start":{"line":31,"column":4},"end":{"line":31,"column":null}},"11":{"start":{"line":34,"column":28},"end":{"line":38,"column":null}},"12":{"start":{"line":35,"column":22},"end":{"line":35,"column":null}},"13":{"start":{"line":36,"column":4},"end":{"line":36,"column":null}},"14":{"start":{"line":37,"column":4},"end":{"line":37,"column":null}},"15":{"start":{"line":40,"column":2},"end":{"line":58,"column":null}},"16":{"start":{"line":41,"column":4},"end":{"line":56,"column":null}},"17":{"start":{"line":60,"column":2},"end":{"line":116,"column":null}},"18":{"start":{"line":84,"column":14},"end":{"line":111,"column":null}},"19":{"start":{"line":88,"column":37},"end":{"line":88,"column":null}},"20":{"start":{"line":96,"column":37},"end":{"line":96,"column":null}},"21":{"start":{"line":105,"column":35},"end":{"line":105,"column":null}}},"fnMap":{"0":{"name":"QueryParamsEditor","decl":{"start":{"line":17,"column":16},"end":{"line":17,"column":34}},"loc":{"start":{"line":17,"column":80},"end":{"line":118,"column":null}},"line":17},"1":{"name":"(anonymous_1)","decl":{"start":{"line":19,"column":20},"end":{"line":19,"column":26}},"loc":{"start":{"line":19,"column":26},"end":{"line":21,"column":null}},"line":19},"2":{"name":"(anonymous_2)","decl":{"start":{"line":23,"column":23},"end":{"line":23,"column":24}},"loc":{"start":{"line":23,"column":42},"end":{"line":26,"column":null}},"line":23},"3":{"name":"(anonymous_3)","decl":{"start":{"line":24,"column":36},"end":{"line":24,"column":37}},"loc":{"start":{"line":24,"column":46},"end":{"line":24,"column":57}},"line":24},"4":{"name":"(anonymous_4)","decl":{"start":{"line":28,"column":26},"end":{"line":28,"column":27}},"loc":{"start":{"line":28,"column":58},"end":{"line":32,"column":null}},"line":28},"5":{"name":"(anonymous_5)","decl":{"start":{"line":34,"column":28},"end":{"line":34,"column":29}},"loc":{"start":{"line":34,"column":62},"end":{"line":38,"column":null}},"line":34},"6":{"name":"(anonymous_6)","decl":{"start":{"line":83,"column":24},"end":{"line":83,"column":25}},"loc":{"start":{"line":84,"column":14},"end":{"line":111,"column":null}},"line":84},"7":{"name":"(anonymous_7)","decl":{"start":{"line":88,"column":30},"end":{"line":88,"column":31}},"loc":{"start":{"line":88,"column":37},"end":{"line":88,"column":null}},"line":88},"8":{"name":"(anonymous_8)","decl":{"start":{"line":96,"column":30},"end":{"line":96,"column":31}},"loc":{"start":{"line":96,"column":37},"end":{"line":96,"column":null}},"line":96},"9":{"name":"(anonymous_9)","decl":{"start":{"line":105,"column":29},"end":{"line":105,"column":35}},"loc":{"start":{"line":105,"column":35},"end":{"line":105,"column":null}},"line":105}},"branchMap":{"0":{"loc":{"start":{"line":40,"column":2},"end":{"line":58,"column":null}},"type":"if","locations":[{"start":{"line":40,"column":2},"end":{"line":58,"column":null}},{"start":{},"end":{}}],"line":40}},"s":{"0":10,"1":10,"2":1,"3":10,"4":1,"5":2,"6":1,"7":10,"8":1,"9":1,"10":1,"11":10,"12":1,"13":1,"14":1,"15":10,"16":3,"17":7,"18":11,"19":1,"20":1,"21":1},"f":{"0":10,"1":1,"2":1,"3":2,"4":1,"5":1,"6":11,"7":1,"8":1,"9":1},"b":{"0":[3,7]},"meta":{"lastBranch":1,"lastFunction":10,"lastStatement":22,"seen":{"f:17:16:17:34":0,"s:18:12:18:Infinity":0,"s:19:20:21:Infinity":1,"f:19:20:19:26":1,"s:20:4:20:Infinity":2,"s:23:23:26:Infinity":3,"f:23:23:23:24":2,"s:24:22:24:Infinity":4,"f:24:36:24:37":3,"s:24:46:24:57":5,"s:25:4:25:Infinity":6,"s:28:26:32:Infinity":7,"f:28:26:28:27":4,"s:29:22:29:Infinity":8,"s:30:4:30:Infinity":9,"s:31:4:31:Infinity":10,"s:34:28:38:Infinity":11,"f:34:28:34:29":5,"s:35:22:35:Infinity":12,"s:36:4:36:Infinity":13,"s:37:4:37:Infinity":14,"b:40:2:58:Infinity:undefined:undefined:undefined:undefined":0,"s:40:2:58:Infinity":15,"s:41:4:56:Infinity":16,"s:60:2:116:Infinity":17,"f:83:24:83:25":6,"s:84:14:111:Infinity":18,"f:88:30:88:31":7,"s:88:37:88:Infinity":19,"f:96:30:96:31":8,"s:96:37:96:Infinity":20,"f:105:29:105:35":9,"s:105:35:105:Infinity":21}}}
,"/Users/jellpd/dev-utils-hub/src/components/tools/APITester/components/ResponseActions.tsx": {"path":"/Users/jellpd/dev-utils-hub/src/components/tools/APITester/components/ResponseActions.tsx","statementMap":{"0":{"start":{"line":21,"column":12},"end":{"line":21,"column":null}},"1":{"start":{"line":22,"column":17},"end":{"line":22,"column":null}},"2":{"start":{"line":24,"column":21},"end":{"line":32,"column":null}},"3":{"start":{"line":25,"column":4},"end":{"line":31,"column":null}},"4":{"start":{"line":26,"column":6},"end":{"line":26,"column":null}},"5":{"start":{"line":27,"column":6},"end":{"line":27,"column":null}},"6":{"start":{"line":28,"column":6},"end":{"line":28,"column":null}},"7":{"start":{"line":30,"column":6},"end":{"line":30,"column":null}},"8":{"start":{"line":34,"column":25},"end":{"line":55,"column":null}},"9":{"start":{"line":35,"column":4},"end":{"line":35,"column":null}},"10":{"start":{"line":37,"column":4},"end":{"line":54,"column":null}},"11":{"start":{"line":38,"column":19},"end":{"line":38,"column":null}},"12":{"start":{"line":39,"column":18},"end":{"line":39,"column":null}},"13":{"start":{"line":40,"column":16},"end":{"line":40,"column":null}},"14":{"start":{"line":41,"column":6},"end":{"line":41,"column":null}},"15":{"start":{"line":43,"column":24},"end":{"line":43,"column":null}},"16":{"start":{"line":44,"column":6},"end":{"line":44,"column":null}},"17":{"start":{"line":46,"column":6},"end":{"line":46,"column":null}},"18":{"start":{"line":47,"column":6},"end":{"line":47,"column":null}},"19":{"start":{"line":48,"column":6},"end":{"line":48,"column":null}},"20":{"start":{"line":49,"column":6},"end":{"line":49,"column":null}},"21":{"start":{"line":51,"column":6},"end":{"line":51,"column":null}},"22":{"start":{"line":53,"column":6},"end":{"line":53,"column":null}},"23":{"start":{"line":57,"column":2},"end":{"line":75,"column":null}}},"fnMap":{"0":{"name":"ResponseActions","decl":{"start":{"line":14,"column":16},"end":{"line":14,"column":32}},"loc":{"start":{"line":20,"column":25},"end":{"line":77,"column":null}},"line":20},"1":{"name":"(anonymous_1)","decl":{"start":{"line":24,"column":21},"end":{"line":24,"column":33}},"loc":{"start":{"line":24,"column":33},"end":{"line":32,"column":null}},"line":24},"2":{"name":"(anonymous_2)","decl":{"start":{"line":34,"column":25},"end":{"line":34,"column":31}},"loc":{"start":{"line":34,"column":31},"end":{"line":55,"column":null}},"line":34}},"branchMap":{"0":{"loc":{"start":{"line":22,"column":17},"end":{"line":22,"column":null}},"type":"binary-expr","locations":[{"start":{"line":22,"column":17},"end":{"line":22,"column":61}},{"start":{"line":22,"column":61},"end":{"line":22,"column":null}}],"line":22},"1":{"loc":{"start":{"line":43,"column":24},"end":{"line":43,"column":null}},"type":"cond-expr","locations":[{"start":{"line":43,"column":33},"end":{"line":43,"column":42}},{"start":{"line":43,"column":42},"end":{"line":43,"column":null}}],"line":43},"2":{"loc":{"start":{"line":69,"column":7},"end":{"line":73,"column":null}},"type":"binary-expr","locations":[{"start":{"line":69,"column":7},"end":{"line":69,"column":null}},{"start":{"line":70,"column":8},"end":{"line":73,"column":null}}],"line":69}},"s":{"0":6,"1":6,"2":6,"3":1,"4":1,"5":1,"6":1,"7":0,"8":6,"9":1,"10":1,"11":1,"12":1,"13":1,"14":1,"15":1,"16":1,"17":1,"18":1,"19":1,"20":1,"21":1,"22":0,"23":6},"f":{"0":6,"1":1,"2":1},"b":{"0":[6,1],"1":[1,0],"2":[6,5]},"meta":{"lastBranch":3,"lastFunction":3,"lastStatement":24,"seen":{"f:14:16:14:32":0,"s:21:12:21:Infinity":0,"s:22:17:22:Infinity":1,"b:22:17:22:61:22:61:22:Infinity":0,"s:24:21:32:Infinity":2,"f:24:21:24:33":1,"s:25:4:31:Infinity":3,"s:26:6:26:Infinity":4,"s:27:6:27:Infinity":5,"s:28:6:28:Infinity":6,"s:30:6:30:Infinity":7,"s:34:25:55:Infinity":8,"f:34:25:34:31":2,"s:35:4:35:Infinity":9,"s:37:4:54:Infinity":10,"s:38:19:38:Infinity":11,"s:39:18:39:Infinity":12,"s:40:16:40:Infinity":13,"s:41:6:41:Infinity":14,"s:43:24:43:Infinity":15,"b:43:33:43:42:43:42:43:Infinity":1,"s:44:6:44:Infinity":16,"s:46:6:46:Infinity":17,"s:47:6:47:Infinity":18,"s:48:6:48:Infinity":19,"s:49:6:49:Infinity":20,"s:51:6:51:Infinity":21,"s:53:6:53:Infinity":22,"s:57:2:75:Infinity":23,"b:69:7:69:Infinity:70:8:73:Infinity":2}}}
[...]
":{"line":94,"column":23},"end":{"line":94,"column":26}},"60":{"start":{"line":94,"column":31},"end":{"line":94,"column":34}},"61":{"start":{"line":94,"column":39},"end":{"line":94,"column":null}},"62":{"start":{"line":96,"column":4},"end":{"line":96,"column":null}},"63":{"start":{"line":97,"column":4},"end":{"line":97,"column":null}},"64":{"start":{"line":98,"column":4},"end":{"line":98,"column":null}},"65":{"start":{"line":99,"column":4},"end":{"line":99,"column":null}},"66":{"start":{"line":100,"column":4},"end":{"line":100,"column":null}},"67":{"start":{"line":101,"column":4},"end":{"line":101,"column":null}},"68":{"start":{"line":102,"column":4},"end":{"line":102,"column":null}},"69":{"start":{"line":103,"column":4},"end":{"line":103,"column":null}},"70":{"start":{"line":104,"column":4},"end":{"line":104,"column":null}},"71":{"start":{"line":105,"column":4},"end":{"line":105,"column":null}},"72":{"start":{"line":106,"column":4},"end":{"line":106,"column":null}},"73":{"start":{"line":107,"column":4},"end":{"line":107,"column":null}},"74":{"start":{"line":108,"column":4},"end":{"line":108,"column":null}},"75":{"start":{"line":109,"column":4},"end":{"line":109,"column":null}},"76":{"start":{"line":110,"column":4},"end":{"line":110,"column":null}},"77":{"start":{"line":111,"column":4},"end":{"line":111,"column":null}},"78":{"start":{"line":113,"column":4},"end":{"line":113,"column":null}},"79":{"start":{"line":114,"column":4},"end":{"line":114,"column":null}},"80":{"start":{"line":115,"column":4},"end":{"line":115,"column":null}},"81":{"start":{"line":116,"column":4},"end":{"line":116,"column":null}},"82":{"start":{"line":117,"column":4},"end":{"line":117,"column":null}},"83":{"start":{"line":118,"column":4},"end":{"line":118,"column":null}},"84":{"start":{"line":119,"column":4},"end":{"line":119,"column":null}},"85":{"start":{"line":120,"column":4},"end":{"line":120,"column":null}},"86":{"start":{"line":121,"column":4},"end":{"line":121,"column":null}},"87":{"start":{"line":122,"column":4},"end":{"line":122,"column":null}},"88":{"start":{"line":123,"column":4},"end":{"line":123,"column":null}},"89":{"start":{"line":124,"column":4},"end":{"line":124,"column":null}},"90":{"start":{"line":125,"column":4},"end":{"line":125,"column":null}},"91":{"start":{"line":126,"column":4},"end":{"line":126,"column":null}},"92":{"start":{"line":127,"column":4},"end":{"line":127,"column":null}},"93":{"start":{"line":128,"column":4},"end":{"line":128,"column":null}},"94":{"start":{"line":130,"column":4},"end":{"line":130,"column":null}},"95":{"start":{"line":131,"column":4},"end":{"line":131,"column":null}},"96":{"start":{"line":132,"column":4},"end":{"line":132,"column":null}},"97":{"start":{"line":133,"column":4},"end":{"line":133,"column":null}},"98":{"start":{"line":134,"column":4},"end":{"line":134,"column":null}},"99":{"start":{"line":135,"column":4},"end":{"line":135,"column":null}},"100":{"start":{"line":136,"column":4},"end":{"line":136,"column":null}},"101":{"start":{"line":137,"column":4},"end":{"line":137,"column":null}},"102":{"start":{"line":138,"column":4},"end":{"line":138,"column":null}},"103":{"start":{"line":139,"column":4},"end":{"line":139,"column":null}},"104":{"start":{"line":140,"column":4},"end":{"line":140,"column":null}},"105":{"start":{"line":141,"column":4},"end":{"line":141,"column":null}},"106":{"start":{"line":142,"column":4},"end":{"line":142,"column":null}},"107":{"start":{"line":143,"column":4},"end":{"line":143,"column":null}},"108":{"start":{"line":144,"column":4},"end":{"line":144,"column":null}},"109":{"start":{"line":145,"column":4},"end":{"line":145,"column":null}},"110":{"start":{"line":147,"column":4},"end":{"line":147,"column":null}},"111":{"start":{"line":148,"column":4},"end":{"line":148,"column":null}},"112":{"start":{"line":149,"column":4},"end":{"line":149,"column":null}},"113":{"start":{"line":150,"column":4},"end":{"line":150,"column":null}},"114":{"start":{"line":151,"column":4},"end":{"line":151,"column":null}},"115":{"start":{"line":152,"column":4},"end":{"line":152,"column":null}},"116":{"start":{"line":153,"column":4},"end":{"line":153,"column":null}},"117":{"start":{"line":154,"column":4},"end":{"line":154,"column":null}},"118":{"start":{"line":155,"column":4},"end":{"line":155,"column":null}},"119":{"start":{"line":156,"column":4},"end":{"line":156,"column":null}},"120":{"start":{"line":157,"column":4},"end":{"line":157,"column":null}},"121":{"start":{"line":158,"column":4},"end":{"line":158,"column":null}},"122":{"start":{"line":159,"column":4},"end":{"line":159,"column":null}},"123":{"start":{"line":160,"column":4},"end":{"line":160,"column":null}},"124":{"start":{"line":161,"column":4},"end":{"line":161,"column":null}},"125":{"start":{"line":162,"column":4},"end":{"line":162,"column":null}},"126":{"start":{"line":164,"column":4},"end":{"line":164,"column":null}},"127":{"start":{"line":165,"column":4},"end":{"line":165,"column":null}},"128":{"start":{"line":166,"column":4},"end":{"line":166,"column":null}},"129":{"start":{"line":167,"column":4},"end":{"line":167,"column":null}},"130":{"start":{"line":170,"column":2},"end":{"line":170,"column":null}},"131":{"start":{"line":177,"column":18},"end":{"line":177,"column":null}},"132":{"start":{"line":178,"column":15},"end":{"line":178,"column":null}},"133":{"start":{"line":179,"column":21},"end":{"line":179,"column":null}},"134":{"start":{"line":180,"column":20},"end":{"line":180,"column":null}},"135":{"start":{"line":181,"column":2},"end":{"line":181,"column":null}},"136":{"start":{"line":181,"column":31},"end":{"line":181,"column":65}},"137":{"start":{"line":188,"column":18},"end":{"line":188,"column":null}},"138":{"start":{"line":189,"column":15},"end":{"line":189,"column":null}},"139":{"start":{"line":190,"column":21},"end":{"line":190,"column":null}},"140":{"start":{"line":191,"column":20},"end":{"line":191,"column":null}},"141":{"start":{"line":192,"column":2},"end":{"line":192,"column":null}},"142":{"start":{"line":192,"column":31},"end":{"line":192,"column":65}},"143":{"start":{"line":204,"column":20},"end":{"line":204,"column":null}},"144":{"start":{"line":205,"column":15},"end":{"line":205,"column":null}},"145":{"start":{"line":206,"column":15},"end":{"line":206,"column":null}},"146":{"start":{"line":209,"column":17},"end":{"line":209,"column":null}},"147":{"start":{"line":212,"column":2},"end":{"line":215,"column":null}},"148":{"start":{"line":213,"column":22},"end":{"line":213,"column":null}},"149":{"start":{"line":214,"column":4},"end":{"line":214,"column":null}},"150":{"start":{"line":218,"column":20},"end":{"line":218,"column":null}},"151":{"start":{"line":219,"column":2},"end":{"line":219,"column":null}},"152":{"start":{"line":222,"column":19},"end":{"line":222,"column":null}},"153":{"start":{"line":223,"column":19},"end":{"line":223,"column":null}},"154":{"start":{"line":225,"column":2},"end":{"line":228,"column":null}},"155":{"start":{"line":225,"column":15},"end":{"line":225,"column":18}},"156":{"start":{"line":226,"column":4},"end":{"line":226,"column":null}},"157":{"start":{"line":227,"column":4},"end":{"line":227,"column":null}},"158":{"start":{"line":231,"column":20},"end":{"line":231,"column":null}},"159":{"start":{"line":232,"column":20},"end":{"line":232,"column":null}},"160":{"start":{"line":233,"column":2},"end":{"line":233,"column":null}},"161":{"start":{"line":234,"column":2},"end":{"line":234,"column":null}},"162":{"start":{"line":237,"column":20},"end":{"line":237,"column":null}},"163":{"start":{"line":238,"column":2},"end":{"line":240,"column":null}},"164":{"start":{"line":238,"column":15},"end":{"line":238,"column":18}},"165":{"start":{"line":239,"column":4},"end":{"line":239,"column":null}},"166":{"start":{"line":241,"column":20},"end":{"line":241,"column":null}},"167":{"start":{"line":244,"column":25},"end":{"line":244,"column":null}},"168":{"start":{"line":245,"column":20},"end":{"line":245,"column":null}},"169":{"start":{"line":246,"column":2},"end":{"line":246,"column":null}},"170":{"start":{"line":247,"column":2},"end":{"line":247,"column":null}},"171":{"start":{"line":250,"column":20},"end":{"line":250,"column":null}},"172":{"start":{"line":251,"column":2},"end":{"line":253,"column":null}},"173":{"start":{"line":251,"column":15},"end":{"line":251,"column":18}},"174":{"start":{"line":252,"column":4},"end":{"line":252,"column":null}},"175":{"start":{"line":254,"column":20},"end":{"line":254,"column":null}},"176":{"start":{"line":256,"column":2},"end":{"line":256,"column":null}},"177":{"start":{"line":266,"column":2},"end":{"line":275,"column":null}},"178":{"start":{"line":268,"column":6},"end":{"line":268,"column":null}},"179":{"start":{"line":270,"column":6},"end":{"line":270,"column":null}},"180":{"start":{"line":272,"column":6},"end":{"line":272,"column":null}},"181":{"start":{"line":274,"column":6},"end":{"line":274,"column":null}}},"fnMap":{"0":{"name":"md5","decl":{"start":{"line":5,"column":22},"end":{"line":5,"column":26}},"loc":{"start":{"line":5,"column":57},"end":{"line":171,"column":null}},"line":5},"1":{"name":"rotateLeft","decl":{"start":{"line":7,"column":11},"end":{"line":7,"column":22}},"loc":{"start":{"line":7,"column":52},"end":{"line":9,"column":null}},"line":7},"2":{"name":"addUnsigned","decl":{"start":{"line":11,"column":11},"end":{"line":11,"column":23}},"loc":{"start":{"line":11,"column":53},"end":{"line":15,"column":null}},"line":11},"3":{"name":"f","decl":{"start":{"line":17,"column":11},"end":{"line":17,"column":13}},"loc":{"start":{"line":17,"column":54},"end":{"line":19,"column":null}},"line":17},"4":{"name":"g","decl":{"start":{"line":21,"column":11},"end":{"line":21,"column":13}},"loc":{"start":{"line":21,"column":54},"end":{"line":23,"column":null}},"line":21},"5":{"name":"h","decl":{"start":{"line":25,"column":11},"end":{"line":25,"column":13}},"loc":{"start":{"line":25,"column":54},"end":{"line":27,"column":null}},"line":25},"6":{"name":"i","decl":{"start":{"line":29,"column":11},"end":{"line":29,"column":13}},"loc":{"start":{"line":29,"column":54},"end":{"line":31,"column":null}},"line":29},"7":{"name":"ff","decl":{"start":{"line":33,"column":11},"end":{"line":33,"column":14}},"loc":{"start":{"line":33,"column":100},"end":{"line":36,"column":null}},"line":33},"8":{"name":"gg","decl":{"start":{"line":38,"column":11},"end":{"line":38,"column":14}},"loc":{"start":{"line":38,"column":100},"end":{"line":41,"column":null}},"line":38},"9":{"name":"hh","decl":{"start":{"line":43,"column":11},"end":{"line":43,"column":14}},"loc":{"start":{"line":43,"column":100},"end":{"line":46,"column":null}},"line":43},"10":{"name":"ii","decl":{"start":{"line":48,"column":11},"end":{"line":48,"column":14}},"loc":{"start":{"line":48,"column":100},"end":{"line":51,"column":null}},"line":48},"11":{"name":"convertToWordArray","decl":{"start":{"line":53,"column":11},"end":{"line":53,"column":30}},"loc":{"start":{"line":53,"column":53},"end":{"line":71,"column":null}},"line":53},"12":{"name":"wordToHex","decl":{"start":{"line":73,"column":11},"end":{"line":73,"column":21}},"loc":{"start":{"line":73,"column":44},"end":{"line":80,"column":null}},"line":73},"13":{"name":"sha256","decl":{"start":{"line":176,"column":22},"end":{"line":176,"column":29}},"loc":{"start":{"line":176,"column":60},"end":{"line":182,"column":null}},"line":176},"14":{"name":"(anonymous_14)","decl":{"start":{"line":181,"column":23},"end":{"line":181,"column":31}},"loc":{"start":{"line":181,"column":31},"end":{"line":181,"column":65}},"line":181},"15":{"name":"sha512","decl":{"start":{"line":187,"column":22},"end":{"line":187,"column":29}},"loc":{"start":{"line":187,"column":60},"end":{"line":193,"column":null}},"line":187},"16":{"name":"(anonymous_16)","decl":{"start":{"line":192,"column":23},"end":{"line":192,"column":31}},"loc":{"start":{"line":192,"column":31},"end":{"line":192,"column":65}},"line":192},"17":{"name":"generateHMAC","decl":{"start":{"line":198,"column":22},"end":{"line":198,"column":null}},"loc":{"start":{"line":202,"column":19},"end":{"line":257,"column":null}},"line":202},"18":{"name":"generateHash","decl":{"start":{"line":262,"column":22},"end":{"line":262,"column":null}},"loc":{"start":{"line":265,"column":19},"end":{"line":276,"column":null}},"line":265}},"branchMap":{"0":{"loc":{"start":{"line":204,"column":20},"end":{"line":204,"column":null}},"type":"cond-expr","locations":[{"start":{"line":204,"column":42},"end":{"line":204,"column":47}},{"start":{"line":204,"column":47},"end":{"line":204,"column":null}}],"line":204},"1":{"loc":{"start":{"line":212,"column":2},"end":{"line":215,"column":null}},"type":"if","locations":[{"start":{"line":212,"column":2},"end":{"line":215,"column":null}},{"start":{},"end":{}}],"line":212},"2":{"loc":{"start":{"line":266,"column":2},"end":{"line":275,"column":null}},"type":"switch","locations":[{"start":{"line":267,"column":4},"end":{"line":268,"column":null}},{"start":{"line":269,"column":4},"end":{"line":270,"column":null}},{"start":{"line":271,"column":4},"end":{"line":272,"column":null}},{"start":{"line":273,"column":4},"end":{"line":274,"column":null}}],"line":266}},"s":{"0":448,"1":1820,"2":1820,"3":1820,"4":112,"5":112,"6":112,"7":112,"8":112,"9":112,"10":112,"11":112,"12":112,"13":112,"14":112,"15":112,"16":7,"17":7,"18":7,"19":7,"20":7,"21":112,"22":7,"23":7,"24":63,"25":7,"26":7,"27":7,"28":7,"29":28,"30":28,"31":28,"32":112,"33":112,"34":28,"35":7,"36":7,"37":7,"38":7,"39":7,"40":7,"41":7,"42":7,"43":7,"44":7,"45":7,"46":7,"47":7,"48":7,"49":7,"50":7,"51":7,"52":7,"53":7,"54":7,"55":7,"56":7,"57":7,"58":7,"59":7,"60":7,"61":7,"62":7,"63":7,"64":7,"65":7,"66":7,"67":7,"68":7,"69":7,"70":7,"71":7,"72":7,"73":7,"74":7,"75":7,"76":7,"77":7,"78":7,"79":7,"80":7,"81":7,"82":7,"83":7,"84":7,"85":7,"86":7,"87":7,"88":7,"89":7,"90":7,"91":7,"92":7,"93":7,"94":7,"95":7,"96":7,"97":7,"98":7,"99":7,"100":7,"101":7,"102":7,"103":7,"104":7,"105":7,"106":7,"107":7,"108":7,"109":7,"110":7,"111":7,"112":7,"113":7,"114":7,"115":7,"116":7,"117":7,"118":7,"119":7,"120":7,"121":7,"122":7,"123":7,"124":7,"125":7,"126":7,"127":7,"128":7,"129":7,"130":7,"131":5,"132":5,"133":5,"134":5,"135":5,"136":160,"137":4,"138":4,"139":4,"140":4,"141":4,"142":256,"143":0,"144":0,"145":0,"146":0,"147":0,"148":0,"149":0,"150":0,"151":0,"152":0,"153":0,"154":0,"155":0,"156":0,"157":0,"158":0,"159":0,"160":0,"161":0,"162":0,"163":0,"164":0,"165":0,"166":0,"167":0,"168":0,"169":0,"170":0,"171":0,"172":0,"173":0,"174":0,"175":0,"176":0,"177":5,"178":2,"179":2,"180":1,"181":0},"f":{"0":7,"1":448,"2":1820,"3":112,"4":112,"5":112,"6":112,"7":112,"8":112,"9":112,"10":112,"11":7,"12":28,"13":5,"14":160,"15":4,"16":256,"17":0,"18":5},"b":{"0":[0,0],"1":[0,0],"2":[2,2,1,0]},"meta":{"lastBranch":3,"lastFunction":19,"lastStatement":182,"seen":{"f:5:22:5:26":0,"f:7:11:7:22":1,"s:8:4:8:Infinity":0,"f:11:11:11:23":2,"s:12:10:12:Infinity":1,"s:13:10:13:Infinity":2,"s:14:4:14:Infinity":3,"f:17:11:17:13":3,"s:18:4:18:Infinity":4,"f:21:11:21:13":4,"s:22:4:22:Infinity":5,"f:25:11:25:13":5,"s:26:4:26:Infinity":6,"f:29:11:29:13":6,"s:30:4:30:Infinity":7,"f:33:11:33:14":7,"s:34:4:34:Infinity":8,"s:35:4:35:Infinity":9,"f:38:11:38:14":8,"s:39:4:39:Infinity":10,"s:40:4:40:Infinity":11,"f:43:11:43:14":9,"s:44:4:44:Infinity":12,"s:45:4:45:Infinity":13,"f:48:11:48:14":10,"s:49:4:49:Infinity":14,"s:50:4:50:Infinity":15,"f:53:11:53:30":11,"s:54:32:54:Infinity":16,"s:55:26:55:Infinity":17,"s:56:10:56:Infinity":18,"s:58:4:60:Infinity":19,"s:58:17:58:20":20,"s:59:6:59:Infinity":21,"s:62:4:64:Infinity":22,"s:62:17:62:20":23,"s:63:6:63:Infinity":24,"s:66:4:66:Infinity":25,"s:67:4:67:Infinity":26,"s:68:4:68:Infinity":27,"s:70:4:70:Infinity":28,"f:73:11:73:21":12,"s:74:14:74:Infinity":29,"s:75:4:78:Infinity":30,"s:75:17:75:20":31,"s:76:20:76:Infinity":32,"s:77:6:77:Infinity":33,"s:79:4:79:Infinity":34,"s:82:12:82:Infinity":35,"s:83:10:83:Infinity":36,"s:84:10:84:Infinity":37,"s:85:10:85:Infinity":38,"s:86:10:86:Infinity":39,"s:88:14:88:17":40,"s:88:23:88:27":41,"s:88:33:88:37":42,"s:88:43:88:Infinity":43,"s:89:14:89:17":44,"s:89:23:89:26":45,"s:89:32:89:36":46,"s:89:42:89:Infinity":47,"s:90:14:90:17":48,"s:90:23:90:27":49,"s:90:33:90:37":50,"s:90:43:90:Infinity":51,"s:91:14:91:17":52,"s:91:23:91:27":53,"s:91:33:91:37":54,"s:91:43:91:Infinity":55,"s:93:2:168:Infinity":56,"s:93:15:93:18":57,"s:94:15:94:18":58,"s:94:23:94:26":59,"s:94:31:94:34":60,"s:94:39:94:Infinity":61,"s:96:4:96:Infinity":62,"s:97:4:97:Infinity":63,"s:98:4:98:Infinity":64,"s:99:4:99:Infinity":65,"s:100:4:100:Infinity":66,"s:101:4:101:Infinity":67,"s:102:4:102:Infinity":68,"s:103:4:103:Infinity":69,"s:104:4:104:Infinity":70,"s:105:4:105:Infinity":71,"s:106:4:106:Infinity":72,"s:107:4:107:Infinity":73,"s:108:4:108:Infinity":74,"s:109:4:109:Infinity":75,"s:110:4:110:Infinity":76,"s:111:4:111:Infinity":77,"s:113:4:113:Infinity":78,"s:114:4:114:Infinity":79,"s:115:4:115:Infinity":80,"s:116:4:116:Infinity":81,"s:117:4:117:Infinity":82,"s:118:4:118:Infinity":83,"s:119:4:119:Infinity":84,"s:120:4:120:Infinity":85,"s:121:4:121:Infinity":86,"s:122:4:122:Infinity":87,"s:123:4:123:Infinity":88,"s:124:4:124:Infinity":89,"s:125:4:125:Infinity":90,"s:126:4:126:Infinity":91,"s:127:4:127:Infinity":92,"s:128:4:128:Infinity":93,"s:130:4:130:Infinity":94,"s:131:4:131:Infinity":95,"s:132:4:132:Infinity":96,"s:133:4:133:Infinity":97,"s:134:4:134:Infinity":98,"s:135:4:135:Infinity":99,"s:136:4:136:Infinity":100,"s:137:4:137:Infinity":101,"s:138:4:138:Infinity":102,"s:139:4:139:Infinity":103,"s:140:4:140:Infinity":104,"s:141:4:141:Infinity":105,"s:142:4:142:Infinity":106,"s:143:4:143:Infinity":107,"s:144:4:144:Infinity":108,"s:145:4:145:Infinity":109,"s:147:4:147:Infinity":110,"s:148:4:148:Infinity":111,"s:149:4:149:Infinity":112,"s:150:4:150:Infinity":113,"s:151:4:151:Infinity":114,"s:152:4:152:Infinity":115,"s:153:4:153:Infinity":116,"s:154:4:154:Infinity":117,"s:155:4:155:Infinity":118,"s:156:4:156:Infinity":119,"s:157:4:157:Infinity":120,"s:158:4:158:Infinity":121,"s:159:4:159:Infinity":122,"s:160:4:160:Infinity":123,"s:161:4:161:Infinity":124,"s:162:4:162:Infinity":125,"s:164:4:164:Infinity":126,"s:165:4:165:Infinity":127,"s:166:4:166:Infinity":128,"s:167:4:167:Infinity":129,"s:170:2:170:Infinity":130,"f:176:22:176:29":13,"s:177:18:177:Infinity":131,"s:178:15:178:Infinity":132,"s:179:21:179:Infinity":133,"s:180:20:180:Infinity":134,"s:181:2:181:Infinity":135,"f:181:23:181:31":14,"s:181:31:181:65":136,"f:187:22:187:29":15,"s:188:18:188:Infinity":137,"s:189:15:189:Infinity":138,"s:190:21:190:Infinity":139,"s:191:20:191:Infinity":140,"s:192:2:192:Infinity":141,"f:192:23:192:31":16,"s:192:31:192:65":142,"f:198:22:198:Infinity":17,"s:204:20:204:Infinity":143,"b:204:42:204:47:204:47:204:Infinity":0,"s:205:15:205:Infinity":144,"s:206:15:206:Infinity":145,"s:209:17:209:Infinity":146,"b:212:2:215:Infinity:undefined:undefined:undefined:undefined":1,"s:212:2:215:Infinity":147,"s:213:22:213:Infinity":148,"s:214:4:214:Infinity":149,"s:218:20:218:Infinity":150,"s:219:2:219:Infinity":151,"s:222:19:222:Infinity":152,"s:223:19:223:Infinity":153,"s:225:2:228:Infinity":154,"s:225:15:225:18":155,"s:226:4:226:Infinity":156,"s:227:4:227:Infinity":157,"s:231:20:231:Infinity":158,"s:232:20:232:Infinity":159,"s:233:2:233:Infinity":160,"s:234:2:234:Infinity":161,"s:237:20:237:Infinity":162,"s:238:2:240:Infinity":163,"s:238:15:238:18":164,"s:239:4:239:Infinity":165,"s:241:20:241:Infinity":166,"s:244:25:244:Infinity":167,"s:245:20:245:Infinity":168,"s:246:2:246:Infinity":169,"s:247:2:247:Infinity":170,"s:250:20:250:Infinity":171,"s:251:2:253:Infinity":172,"s:251:15:251:18":173,"s:252:4:252:Infinity":174,"s:254:20:254:Infinity":175,"s:256:2:256:Infinity":176,"f:262:22:262:Infinity":18,"b:267:4:268:Infinity:269:4:270:Infinity:271:4:272:Infinity:273:4:274:Infinity":2,"s:266:2:275:Infinity":177,"s:268:6:268:Infinity":178,"s:270:6:270:Infinity":179,"s:272:6:272:Infinity":180,"s:274:6:274:Infinity":181}}}
}
